This is LuaHBTeX, Version 1.16.0 (MiKTeX 23.1) (format=lualatex 2023.2.3)  2 MAR 2023 14:08
 system commands enabled.
 file:line:error style messages enabled.
**c:/GIT/CERN/report/report.tex
(c:/GIT/CERN/report/report.tex
LaTeX2e <2022-11-01> patch level 1
Lua module: luaotfload 2022-10-03 3.23 Lua based OpenType font support
Lua module: lualibs 2022-10-04 2.75 ConTeXt Lua standard libraries.
Lua module: lualibs-extended 2022-10-04 2.75 ConTeXt Lua libraries -- extended c
ollection.
luaotfload | conf : Root cache directory is "C:/Users/satalay/AppData/Local/MiKT
eX/luatex-cache/generic/names".
luaotfload | init : Loading fontloader "fontloader-2022-10-03.lua" from kpse-res
olved path "C:/Users/satalay/AppData/Local/Programs/MiKTeX/tex/luatex/luaotfload
/fontloader-2022-10-03.lua".
Lua-only attribute luaotfload@noligature = 1
luaotfload | init : Context OpenType loader version 3.120
Inserting `luaotfload.node_processor' in `pre_linebreak_filter'.
Inserting `luaotfload.node_processor' in `hpack_filter'.
Inserting `luaotfload.glyph_stream' in `glyph_stream_provider'.
Inserting `luaotfload.define_font' in `define_font'.
Lua-only attribute luaotfload_color_attribute = 2
luaotfload | conf : Root cache directory is "C:/Users/satalay/AppData/Local/MiKT
eX/luatex-cache/generic/names".
Inserting `luaotfload.harf.strip_prefix' in `find_opentype_file'.
Inserting `luaotfload.harf.strip_prefix' in `find_truetype_file'.
Removing  `luaotfload.glyph_stream' from `glyph_stream_provider'.
Inserting `luaotfload.harf.glyphstream' in `glyph_stream_provider'.
Inserting `luaotfload.harf.finalize_vlist' in `post_linebreak_filter'.
Inserting `luaotfload.harf.finalize_hlist' in `hpack_filter'.
Inserting `luaotfload.cleanup_files' in `wrapup_run'.
Inserting `luaotfload.harf.finalize_unicode' in `finish_pdffile'.
Inserting `luaotfload.glyphinfo' in `glyph_info'.
Lua-only attribute luaotfload.letterspace_done = 3
Inserting `luaotfload.aux.set_sscale_dimens' in `luaotfload.patch_font'.
Inserting `luaotfload.aux.set_font_index' in `luaotfload.patch_font'.
Inserting `luaotfload.aux.patch_cambria_domh' in `luaotfload.patch_font'.
Inserting `luaotfload.aux.fixup_fontdata' in `luaotfload.patch_font_unsafe'.
Inserting `luaotfload.aux.set_capheight' in `luaotfload.patch_font'.
Inserting `luaotfload.aux.set_xheight' in `luaotfload.patch_font'.
Inserting `luaotfload.rewrite_fontname' in `luaotfload.patch_font'. L3 programm
ing layer <2023-01-24>
Inserting `tracingstacklevels' in `input_level_string'.
(C:/Users/satalay/AppData/Local/Programs/MiKTeX/tex/latex/koma-script/scrbook.c
ls
Document Class: scrbook 2022/10/12 v3.38 KOMA-Script document class (book)

(C:/Users/satalay/AppData/Local/Programs/MiKTeX/tex/latex/koma-script/scrkbase.
sty
Package: scrkbase 2022/10/12 v3.38 KOMA-Script package (KOMA-Script-dependent b
asics and keyval usage)

(C:/Users/satalay/AppData/Local/Programs/MiKTeX/tex/latex/koma-script/scrbase.s
ty
Package: scrbase 2022/10/12 v3.38 KOMA-Script package (KOMA-Script-independent 
basics and keyval usage)

(C:/Users/satalay/AppData/Local/Programs/MiKTeX/tex/latex/koma-script/scrlfile.
sty
Package: scrlfile 2022/10/12 v3.38 KOMA-Script package (file load hooks)

(C:/Users/satalay/AppData/Local/Programs/MiKTeX/tex/latex/koma-script/scrlfile-
hook.sty
Package: scrlfile-hook 2022/10/12 v3.38 KOMA-Script package (using LaTeX hooks)


(C:/Users/satalay/AppData/Local/Programs/MiKTeX/tex/latex/koma-script/scrlogo.s
ty
Package: scrlogo 2022/10/12 v3.38 KOMA-Script package (logo)
)))
(C:/Users/satalay/AppData/Local/Programs/MiKTeX/tex/latex/graphics/keyval.sty
Package: keyval 2022/05/29 v1.15 key=value parser (DPC)
\KV@toks@=\toks16
)
Applying: [2021/05/01] Usage of raw or classic option list on input line 252.
Already applied: [0000/00/00] Usage of raw or classic option list on input line
 368.
))
(C:/Users/satalay/AppData/Local/Programs/MiKTeX/tex/latex/koma-script/tocbasic.
sty
Package: tocbasic 2022/10/12 v3.38 KOMA-Script package (handling toc-files)
\scr@dte@tocline@numberwidth=\skip48
\scr@dte@tocline@numbox=\box51
)
Package tocbasic Info: omitting babel extension for `toc'
(tocbasic)             because of feature `nobabel' available
(tocbasic)             for `toc' on input line 137.
Class scrbook Info: File `scrsize11pt.clo' used instead of
(scrbook)           file `scrsize11.clo' to setup font sizes on input line 2617
.

(C:/Users/satalay/AppData/Local/Programs/MiKTeX/tex/latex/koma-script/scrsize11
pt.clo
File: scrsize11pt.clo 2022/10/12 v3.38 KOMA-Script font size class option (11pt
)
luaotfload | db : Font names database loaded from C:/Users/satalay/AppData/Local
/MiKTeX/luatex-cache/generic/names/luaotfload-names.luc.gz)
(C:/Users/satalay/AppData/Local/Programs/MiKTeX/tex/latex/koma-script/typearea.
sty
Package: typearea 2022/10/12 v3.38 KOMA-Script package (type area)
\ta@bcor=\skip49
\ta@div=\count183
\ta@hblk=\skip50
\ta@vblk=\skip51
\ta@temp=\skip52
\footheight=\skip53
Package typearea Info: These are the values describing the layout:
(typearea)             DIV  = 10
(typearea)             BCOR = 0.0pt
(typearea)             \paperwidth      = 597.50793pt
(typearea)              \textwidth      = 418.25555pt
(typearea)              DIV departure   = -6%
(typearea)              \evensidemargin = 47.2316pt
(typearea)              \oddsidemargin  = -12.5192pt
(typearea)             \paperheight     = 845.04694pt
(typearea)              \textheight     = 595.80026pt
(typearea)              \topmargin      = -25.16531pt
(typearea)              \headheight     = 17.0pt
(typearea)              \headsep        = 20.40001pt
(typearea)              \topskip        = 11.0pt
(typearea)              \footskip       = 47.6pt
(typearea)              \baselineskip   = 13.6pt
(typearea)              on input line 1767.
)
\c@part=\count184
\c@chapter=\count185
\c@section=\count186
\c@subsection=\count187
\c@subsubsection=\count188
\c@paragraph=\count189
\c@subparagraph=\count190
\scr@dte@chapter@maxnumwidth=\skip54
Class scrbook Info: using compatibility default `afterindent=bysign'
(scrbook)           for `\chapter on input line 5898.
\scr@dte@section@maxnumwidth=\skip55
Class scrbook Info: using compatibility default `runin=bysign'
(scrbook)           for `\section on input line 5909.
Class scrbook Info: using compatibility default `afterindent=bysign'
(scrbook)           for `\section on input line 5909.
\scr@dte@part@maxnumwidth=\skip56
Class scrbook Info: using compatibility default `afterindent=true'
(scrbook)           for `\part on input line 5918.
\scr@dte@subsection@maxnumwidth=\skip57
Class scrbook Info: using compatibility default `runin=bysign'
(scrbook)           for `\subsection on input line 5928.
Class scrbook Info: using compatibility default `afterindent=bysign'
(scrbook)           for `\subsection on input line 5928.
\scr@dte@subsubsection@maxnumwidth=\skip58
Class scrbook Info: using compatibility default `runin=bysign'
(scrbook)           for `\subsubsection on input line 5938.
Class scrbook Info: using compatibility default `afterindent=bysign'
(scrbook)           for `\subsubsection on input line 5938.
\scr@dte@paragraph@maxnumwidth=\skip59
Class scrbook Info: using compatibility default `runin=bysign'
(scrbook)           for `\paragraph on input line 5949.
Class scrbook Info: using compatibility default `afterindent=bysign'
(scrbook)           for `\paragraph on input line 5949.
\scr@dte@subparagraph@maxnumwidth=\skip60
Class scrbook Info: using compatibility default `runin=bysign'
(scrbook)           for `\subparagraph on input line 5959.
Class scrbook Info: using compatibility default `afterindent=bysign'
(scrbook)           for `\subparagraph on input line 5959.
\abovecaptionskip=\skip61
\belowcaptionskip=\skip62
\c@pti@nb@sid@b@x=\box52
Package tocbasic Info: omitting babel extension for `lof'
(tocbasic)             because of feature `nobabel' available
(tocbasic)             for `lof' on input line 7142.
\scr@dte@figure@maxnumwidth=\skip63
\c@figure=\count191
Package tocbasic Info: omitting babel extension for `lot'
(tocbasic)             because of feature `nobabel' available
(tocbasic)             for `lot' on input line 7159.
\scr@dte@table@maxnumwidth=\skip64
\c@table=\count192
Class scrbook Info: Redefining `\numberline' on input line 7330.
\bibindent=\dimen139
) (./preamble.tex
(C:/Users/satalay/AppData/Local/Programs/MiKTeX/tex/latex/fontspec/fontspec.sty

(C:/Users/satalay/AppData/Local/Programs/MiKTeX/tex/latex/l3packages/xparse/xpa
rse.sty
(C:/Users/satalay/AppData/Local/Programs/MiKTeX/tex/latex/l3kernel/expl3.sty
Package: expl3 2023-01-24 L3 programming layer (loader) 

(C:/Users/satalay/AppData/Local/Programs/MiKTeX/tex/latex/l3backend/l3backend-l
uatex.def
File: l3backend-luatex.def 2023-01-16 L3 backend support: PDF output (LuaTeX)
\l__color_backend_stack_int=\count193
\l__pdf_internal_box=\box53
))
Package: xparse 2023-01-16 L3 Experimental document command parser
)
Package: fontspec 2022/01/15 v2.8a Font selection for XeLaTeX and LuaLaTeX
Lua module: fontspec 2022/01/15 2.8a Font selection for XeLaTeX and LuaLaTeX
(C:/Users/satalay/AppData/Local/Programs/MiKTeX/tex/latex/fontspec/fontspec-lua
tex.sty
Package: fontspec-luatex 2022/01/15 v2.8a Font selection for XeLaTeX and LuaLaT
eX
\l__fontspec_script_int=\count194
\l__fontspec_language_int=\count195
\l__fontspec_strnum_int=\count196
\l__fontspec_tmp_int=\count197
\l__fontspec_tmpa_int=\count198
\l__fontspec_tmpb_int=\count199
\l__fontspec_tmpc_int=\count266
\l__fontspec_em_int=\count267
\l__fontspec_emdef_int=\count268
\l__fontspec_strong_int=\count269
\l__fontspec_strongdef_int=\count270
\l__fontspec_tmpa_dim=\dimen140
\l__fontspec_tmpb_dim=\dimen141
\l__fontspec_tmpc_dim=\dimen142

(C:/Users/satalay/AppData/Local/Programs/MiKTeX/tex/latex/base/fontenc.sty
Package: fontenc 2021/04/29 v2.0v Standard LaTeX package
)
(C:/Users/satalay/AppData/Local/Programs/MiKTeX/tex/latex/fontspec/fontspec.cfg
)))
(C:/Users/satalay/AppData/Local/Programs/MiKTeX/tex/latex/pdfpages/pdfpages.sty
Package: pdfpages 2022/12/19 v0.5x Insert pages of external PDF documents (AM)
(C:/Users/satalay/AppData/Local/Programs/MiKTeX/tex/latex/base/ifthen.sty
Package: ifthen 2022/04/13 v1.1d Standard LaTeX ifthen package (DPC)
)
(C:/Users/satalay/AppData/Local/Programs/MiKTeX/tex/latex/tools/calc.sty
Package: calc 2017/05/25 v4.3 Infix arithmetic (KKT,FJ)
\calc@Acount=\count271
\calc@Bcount=\count272
\calc@Adimen=\dimen143
\calc@Bdimen=\dimen144
\calc@Askip=\skip65
\calc@Bskip=\skip66
LaTeX Info: Redefining \setlength on input line 80.
LaTeX Info: Redefining \addtolength on input line 81.
\calc@Ccount=\count273
\calc@Cskip=\skip67
)
(C:/Users/satalay/AppData/Local/Programs/MiKTeX/tex/latex/eso-pic/eso-pic.sty
Package: eso-pic 2020/10/14 v3.0a eso-pic (RN)
\ESO@tempdima=\dimen145
\ESO@tempdimb=\dimen146

(C:/Users/satalay/AppData/Local/Programs/MiKTeX/tex/latex/xcolor/xcolor.sty
Package: xcolor 2022/06/12 v2.14 LaTeX color extensions (UK)

(C:/Users/satalay/AppData/Local/Programs/MiKTeX/tex/latex/graphics-cfg/color.cf
g
File: color.cfg 2016/01/02 v1.6 sample color configuration
)
Package xcolor Info: Driver file: luatex.def on input line 227.

(C:/Users/satalay/AppData/Local/Programs/MiKTeX/tex/latex/graphics-def/luatex.d
ef
File: luatex.def 2022/09/22 v1.2d Graphics/color driver for luatex
)
(C:/Users/satalay/AppData/Local/Programs/MiKTeX/tex/latex/graphics/mathcolor.lt
x)
Package xcolor Info: Model `cmy' substituted by `cmy0' on input line 1353.
Package xcolor Info: Model `hsb' substituted by `rgb' on input line 1357.
Package xcolor Info: Model `RGB' extended on input line 1369.
Package xcolor Info: Model `HTML' substituted by `rgb' on input line 1371.
Package xcolor Info: Model `Hsb' substituted by `hsb' on input line 1372.
Package xcolor Info: Model `tHsb' substituted by `hsb' on input line 1373.
Package xcolor Info: Model `HSB' substituted by `hsb' on input line 1374.
Package xcolor Info: Model `Gray' substituted by `gray' on input line 1375.
Package xcolor Info: Model `wave' substituted by `hsb' on input line 1376.
))
(C:/Users/satalay/AppData/Local/Programs/MiKTeX/tex/latex/graphics/graphicx.sty
Package: graphicx 2021/09/16 v1.2d Enhanced LaTeX Graphics (DPC,SPQR)

(C:/Users/satalay/AppData/Local/Programs/MiKTeX/tex/latex/graphics/graphics.sty
Package: graphics 2022/03/10 v1.4e Standard LaTeX Graphics (DPC,SPQR)
(C:/Users/satalay/AppData/Local/Programs/MiKTeX/tex/latex/graphics/trig.sty
Package: trig 2021/08/11 v1.11 sin cos tan (DPC)
)
(C:/Users/satalay/AppData/Local/Programs/MiKTeX/tex/latex/graphics-cfg/graphics
.cfg
File: graphics.cfg 2016/06/04 v1.11 sample graphics configuration
)
Package graphics Info: Driver file: luatex.def on input line 107.
)
\Gin@req@height=\dimen147
\Gin@req@width=\dimen148
)
\AM@pagewidth=\dimen149
\AM@pageheight=\dimen150
\AM@fboxrule=\dimen151

(C:/Users/satalay/AppData/Local/Programs/MiKTeX/tex/latex/pdfpages/ppluatex.def
File: ppluatex.def 2022/12/19 v0.5x Pdfpages driver for LuaTeX (AM)
)
\pdfpages@includegraphics@status=\count274
\AM@pagebox=\box54
\AM@global@opts=\toks17
\AM@pagecnt=\count275
\AM@toc@title=\toks18
\AM@lof@heading=\toks19
\c@AM@survey=\count276
\AM@templatesizebox=\box55
)
(C:/Users/satalay/AppData/Local/Programs/MiKTeX/tex/latex/tools/indentfirst.sty
Package: indentfirst 1995/11/23 v1.03 Indent first paragraph (DPC)
)
(C:/Users/satalay/AppData/Local/Programs/MiKTeX/tex/latex/geometry/geometry.sty
Package: geometry 2020/01/02 v5.9 Page Geometry
(C:/Users/satalay/AppData/Local/Programs/MiKTeX/tex/generic/iftex/ifvtex.sty
Package: ifvtex 2019/10/25 v1.7 ifvtex legacy package. Use iftex instead.

(C:/Users/satalay/AppData/Local/Programs/MiKTeX/tex/generic/iftex/iftex.sty
Package: iftex 2022/02/03 v1.0f TeX engine tests
))
\Gm@cnth=\count277
\Gm@cntv=\count278
\c@Gm@tempcnt=\count279
\Gm@bindingoffset=\dimen152
\Gm@wd@mp=\dimen153
\Gm@odd@mp=\dimen154
\Gm@even@mp=\dimen155
\Gm@layoutwidth=\dimen156
\Gm@layoutheight=\dimen157
\Gm@layouthoffset=\dimen158
\Gm@layoutvoffset=\dimen159
\Gm@dimlist=\toks20

(C:/Users/satalay/AppData/Local/Programs/MiKTeX/tex/latex/geometry/geometry.cfg
))
(C:/Users/satalay/AppData/Local/Programs/MiKTeX/tex/latex/siunitx/siunitx.sty
Package: siunitx 2023-01-03 v3.2.0 A comprehensive (SI) units package
\l__siunitx_angle_tmp_dim=\dimen160
\l__siunitx_angle_marker_box=\box56
\l__siunitx_angle_unit_box=\box57
\l__siunitx_compound_count_int=\count280

(C:/Users/satalay/AppData/Local/Programs/MiKTeX/tex/latex/translations/translat
ions.sty
Package: translations 2022/02/05 v1.12 internationalization of LaTeX2e packages
 (CN)

(C:/Users/satalay/AppData/Local/Programs/MiKTeX/tex/latex/etoolbox/etoolbox.sty
Package: etoolbox 2020/10/05 v2.5k e-TeX tools for LaTeX (JAW)
\etb@tempcnta=\count281
)
(C:/Users/satalay/AppData/Local/Programs/MiKTeX/tex/generic/pdftexcmds/pdftexcm
ds.sty
Package: pdftexcmds 2020-06-27 v0.33 Utility functions of pdfTeX for LuaTeX (HO
)

(C:/Users/satalay/AppData/Local/Programs/MiKTeX/tex/generic/infwarerr/infwarerr
.sty
Package: infwarerr 2019/12/03 v1.5 Providing info/warning/error messages (HO)
)
(C:/Users/satalay/AppData/Local/Programs/MiKTeX/tex/generic/ltxcmds/ltxcmds.sty
Package: ltxcmds 2020-05-10 v1.25 LaTeX kernel commands for general use (HO)
)
Package pdftexcmds Info: \pdf@primitive is available.
Package pdftexcmds Info: \pdf@ifprimitive is available.
Package pdftexcmds Info: \pdfdraftmode found.
\pdftexcmds@toks=\toks21
))
\l__siunitx_number_exponent_fixed_int=\count282
\l__siunitx_number_min_decimal_int=\count283
\l__siunitx_number_min_integer_int=\count284
\l__siunitx_number_round_precision_int=\count285
\l__siunitx_number_lower_threshold_int=\count286
\l__siunitx_number_upper_threshold_int=\count287
\l__siunitx_number_group_first_int=\count288
\l__siunitx_number_group_size_int=\count289
\l__siunitx_number_group_minimum_int=\count290

(C:/Users/satalay/AppData/Local/Programs/MiKTeX/tex/latex/amsmath/amstext.sty
Package: amstext 2021/08/26 v2.01 AMS text

(C:/Users/satalay/AppData/Local/Programs/MiKTeX/tex/latex/amsmath/amsgen.sty
File: amsgen.sty 1999/11/30 v2.0 generic functions
\@emptytoks=\toks22
\ex@=\dimen161
))
\l__siunitx_table_tmp_box=\box58
\l__siunitx_table_tmp_dim=\dimen162
\l__siunitx_table_column_width_dim=\dimen163
\l__siunitx_table_integer_box=\box59
\l__siunitx_table_decimal_box=\box60
\l__siunitx_table_uncert_box=\box61
\l__siunitx_table_before_box=\box62
\l__siunitx_table_after_box=\box63
\l__siunitx_table_before_dim=\dimen164
\l__siunitx_table_carry_dim=\dimen165
\l__siunitx_unit_tmp_int=\count291
\l__siunitx_unit_position_int=\count292
\l__siunitx_unit_total_int=\count293

(C:/Users/satalay/AppData/Local/Programs/MiKTeX/tex/latex/tools/array.sty
Package: array 2022/03/10 v2.5f Tabular extension package (FMi)
\col@sep=\dimen166
\ar@mcellbox=\box64
\extrarowheight=\dimen167
\NC@list=\toks23
\extratabsurround=\skip68
\backup@length=\skip69
\ar@cellbox=\box65
))
(C:/Users/satalay/AppData/Local/Programs/MiKTeX/tex/latex/matlab-prettifier/mat
lab-prettifier.sty
Package: matlab-prettifier 2014/06/19 v0.3 A package for prettyprinting Matlab 
source code

(C:/Users/satalay/AppData/Local/Programs/MiKTeX/tex/latex/base/textcomp.sty
Package: textcomp 2020/02/02 v2.0n Standard LaTeX package
)
(C:/Users/satalay/AppData/Local/Programs/MiKTeX/tex/latex/listings/listings.sty
\lst@mode=\count294
\lst@gtempboxa=\box66
\lst@token=\toks24
\lst@length=\count295
\lst@currlwidth=\dimen168
\lst@column=\count296
\lst@pos=\count297
\lst@lostspace=\dimen169
\lst@width=\dimen170
\lst@newlines=\count298
\lst@lineno=\count299
\lst@maxwidth=\dimen171
(C:/Users/satalay/AppData/Local/Programs/MiKTeX/tex/latex/listings/lstmisc.sty
File: lstmisc.sty 2020/03/24 1.8d (Carsten Heinz)
\c@lstnumber=\count300
\lst@skipnumbers=\count301
\lst@framebox=\box67
)
(C:/Users/satalay/AppData/Local/Programs/MiKTeX/tex/latex/listings/listings.cfg
File: listings.cfg 2020/03/24 1.8d listings configuration
))
Package: listings 2020/03/24 1.8d (Carsten Heinz)
\netBracketCount@mlpr=\count302
\blkLvl@mlpr=\count303
\blkLvlAtClassdef@mlpr=\count304
\emHeight@mlpr=\skip70
\jayDepth@mlpr=\skip71
\sectionRuleOffset@mlpr=\skip72
\toks@mlpr=\toks25
)
(C:/Users/satalay/AppData/Local/Programs/MiKTeX/tex/latex/circuitikz/circuitikz
.sty
Package: circuitikz 2022/12/10{} The CircuiTikz circuit drawing package version
 1.6.0

(C:/Users/satalay/AppData/Local/Programs/MiKTeX/tex/latex/pgf/frontendlayer/tik
z.sty
(C:/Users/satalay/AppData/Local/Programs/MiKTeX/tex/latex/pgf/basiclayer/pgf.st
y
(C:/Users/satalay/AppData/Local/Programs/MiKTeX/tex/latex/pgf/utilities/pgfrcs.
sty
(C:/Users/satalay/AppData/Local/Programs/MiKTeX/tex/generic/pgf/utilities/pgfut
il-common.tex
\pgfutil@everybye=\toks26
\pgfutil@tempdima=\dimen172
\pgfutil@tempdimb=\dimen173
)
(C:/Users/satalay/AppData/Local/Programs/MiKTeX/tex/generic/pgf/utilities/pgfut
il-latex.def
\pgfutil@abb=\box68
)
(C:/Users/satalay/AppData/Local/Programs/MiKTeX/tex/generic/pgf/utilities/pgfrc
s.code.tex
(C:/Users/satalay/AppData/Local/Programs/MiKTeX/tex/generic/pgf/pgf.revision.te
x)
Package: pgfrcs 2023-01-15 v3.1.10 (3.1.10)
))
Package: pgf 2023-01-15 v3.1.10 (3.1.10)

(C:/Users/satalay/AppData/Local/Programs/MiKTeX/tex/latex/pgf/basiclayer/pgfcor
e.sty
(C:/Users/satalay/AppData/Local/Programs/MiKTeX/tex/latex/pgf/systemlayer/pgfsy
s.sty
(C:/Users/satalay/AppData/Local/Programs/MiKTeX/tex/generic/pgf/systemlayer/pgf
sys.code.tex
Package: pgfsys 2023-01-15 v3.1.10 (3.1.10)

(C:/Users/satalay/AppData/Local/Programs/MiKTeX/tex/generic/pgf/utilities/pgfke
ys.code.tex
\pgfkeys@pathtoks=\toks27
\pgfkeys@temptoks=\toks28

(C:/Users/satalay/AppData/Local/Programs/MiKTeX/tex/generic/pgf/utilities/pgfke
yslibraryfiltered.code.tex
\pgfkeys@tmptoks=\toks29
))
\pgf@x=\dimen174
\pgf@y=\dimen175
\pgf@xa=\dimen176
\pgf@ya=\dimen177
\pgf@xb=\dimen178
\pgf@yb=\dimen179
\pgf@xc=\dimen180
\pgf@yc=\dimen181
\pgf@xd=\dimen182
\pgf@yd=\dimen183
\w@pgf@writea=\write3
\r@pgf@reada=\read2
\c@pgf@counta=\count305
\c@pgf@countb=\count306
\c@pgf@countc=\count307
\c@pgf@countd=\count308
\t@pgf@toka=\toks30
\t@pgf@tokb=\toks31
\t@pgf@tokc=\toks32
\pgf@sys@id@count=\count309

(C:/Users/satalay/AppData/Local/Programs/MiKTeX/tex/generic/pgf/systemlayer/pgf
.cfg
File: pgf.cfg 2023-01-15 v3.1.10 (3.1.10)
)
Driver file for pgf: pgfsys-luatex.def

(C:/Users/satalay/AppData/Local/Programs/MiKTeX/tex/generic/pgf/systemlayer/pgf
sys-luatex.def
File: pgfsys-luatex.def 2023-01-15 v3.1.10 (3.1.10)

(C:/Users/satalay/AppData/Local/Programs/MiKTeX/tex/generic/pgf/systemlayer/pgf
sys-common-pdf.def
File: pgfsys-common-pdf.def 2023-01-15 v3.1.10 (3.1.10)
)))
(C:/Users/satalay/AppData/Local/Programs/MiKTeX/tex/generic/pgf/systemlayer/pgf
syssoftpath.code.tex
File: pgfsyssoftpath.code.tex 2023-01-15 v3.1.10 (3.1.10)
\pgfsyssoftpath@smallbuffer@items=\count310
\pgfsyssoftpath@bigbuffer@items=\count311
)
(C:/Users/satalay/AppData/Local/Programs/MiKTeX/tex/generic/pgf/systemlayer/pgf
sysprotocol.code.tex
File: pgfsysprotocol.code.tex 2023-01-15 v3.1.10 (3.1.10)
))
(C:/Users/satalay/AppData/Local/Programs/MiKTeX/tex/generic/pgf/basiclayer/pgfc
ore.code.tex
Package: pgfcore 2023-01-15 v3.1.10 (3.1.10)

(C:/Users/satalay/AppData/Local/Programs/MiKTeX/tex/generic/pgf/math/pgfmath.co
de.tex
(C:/Users/satalay/AppData/Local/Programs/MiKTeX/tex/generic/pgf/math/pgfmathuti
l.code.tex)
(C:/Users/satalay/AppData/Local/Programs/MiKTeX/tex/generic/pgf/math/pgfmathpar
ser.code.tex
\pgfmath@dimen=\dimen184
\pgfmath@count=\count312
\pgfmath@box=\box69
\pgfmath@toks=\toks33
\pgfmath@stack@operand=\toks34
\pgfmath@stack@operation=\toks35
)
(C:/Users/satalay/AppData/Local/Programs/MiKTeX/tex/generic/pgf/math/pgfmathfun
ctions.code.tex)
(C:/Users/satalay/AppData/Local/Programs/MiKTeX/tex/generic/pgf/math/pgfmathfun
ctions.basic.code.tex)
(C:/Users/satalay/AppData/Local/Programs/MiKTeX/tex/generic/pgf/math/pgfmathfun
ctions.trigonometric.code.tex)
(C:/Users/satalay/AppData/Local/Programs/MiKTeX/tex/generic/pgf/math/pgfmathfun
ctions.random.code.tex)
(C:/Users/satalay/AppData/Local/Programs/MiKTeX/tex/generic/pgf/math/pgfmathfun
ctions.comparison.code.tex)
(C:/Users/satalay/AppData/Local/Programs/MiKTeX/tex/generic/pgf/math/pgfmathfun
ctions.base.code.tex)
(C:/Users/satalay/AppData/Local/Programs/MiKTeX/tex/generic/pgf/math/pgfmathfun
ctions.round.code.tex)
(C:/Users/satalay/AppData/Local/Programs/MiKTeX/tex/generic/pgf/math/pgfmathfun
ctions.misc.code.tex)
(C:/Users/satalay/AppData/Local/Programs/MiKTeX/tex/generic/pgf/math/pgfmathfun
ctions.integerarithmetics.code.tex)
(C:/Users/satalay/AppData/Local/Programs/MiKTeX/tex/generic/pgf/math/pgfmathcal
c.code.tex)
(C:/Users/satalay/AppData/Local/Programs/MiKTeX/tex/generic/pgf/math/pgfmathflo
at.code.tex
\c@pgfmathroundto@lastzeros=\count313
))
(C:/Users/satalay/AppData/Local/Programs/MiKTeX/tex/generic/pgf/math/pgfint.cod
e.tex)
(C:/Users/satalay/AppData/Local/Programs/MiKTeX/tex/generic/pgf/basiclayer/pgfc
orepoints.code.tex
File: pgfcorepoints.code.tex 2023-01-15 v3.1.10 (3.1.10)
\pgf@picminx=\dimen185
\pgf@picmaxx=\dimen186
\pgf@picminy=\dimen187
\pgf@picmaxy=\dimen188
\pgf@pathminx=\dimen189
\pgf@pathmaxx=\dimen190
\pgf@pathminy=\dimen191
\pgf@pathmaxy=\dimen192
\pgf@xx=\dimen193
\pgf@xy=\dimen194
\pgf@yx=\dimen195
\pgf@yy=\dimen196
\pgf@zx=\dimen197
\pgf@zy=\dimen198
)
(C:/Users/satalay/AppData/Local/Programs/MiKTeX/tex/generic/pgf/basiclayer/pgfc
orepathconstruct.code.tex
File: pgfcorepathconstruct.code.tex 2023-01-15 v3.1.10 (3.1.10)
\pgf@path@lastx=\dimen199
\pgf@path@lasty=\dimen256
)
(C:/Users/satalay/AppData/Local/Programs/MiKTeX/tex/generic/pgf/basiclayer/pgfc
orepathusage.code.tex
File: pgfcorepathusage.code.tex 2023-01-15 v3.1.10 (3.1.10)
\pgf@shorten@end@additional=\dimen257
\pgf@shorten@start@additional=\dimen258
)
(C:/Users/satalay/AppData/Local/Programs/MiKTeX/tex/generic/pgf/basiclayer/pgfc
orescopes.code.tex
File: pgfcorescopes.code.tex 2023-01-15 v3.1.10 (3.1.10)
\pgfpic=\box70
\pgf@hbox=\box71
\pgf@layerbox@main=\box72
\pgf@picture@serial@count=\count314
)
(C:/Users/satalay/AppData/Local/Programs/MiKTeX/tex/generic/pgf/basiclayer/pgfc
oregraphicstate.code.tex
File: pgfcoregraphicstate.code.tex 2023-01-15 v3.1.10 (3.1.10)
\pgflinewidth=\dimen259
)
(C:/Users/satalay/AppData/Local/Programs/MiKTeX/tex/generic/pgf/basiclayer/pgfc
oretransformations.code.tex
File: pgfcoretransformations.code.tex 2023-01-15 v3.1.10 (3.1.10)
\pgf@pt@x=\dimen260
\pgf@pt@y=\dimen261
\pgf@pt@temp=\dimen262
)
(C:/Users/satalay/AppData/Local/Programs/MiKTeX/tex/generic/pgf/basiclayer/pgfc
orequick.code.tex
File: pgfcorequick.code.tex 2023-01-15 v3.1.10 (3.1.10)
)
(C:/Users/satalay/AppData/Local/Programs/MiKTeX/tex/generic/pgf/basiclayer/pgfc
oreobjects.code.tex
File: pgfcoreobjects.code.tex 2023-01-15 v3.1.10 (3.1.10)
)
(C:/Users/satalay/AppData/Local/Programs/MiKTeX/tex/generic/pgf/basiclayer/pgfc
orepathprocessing.code.tex
File: pgfcorepathprocessing.code.tex 2023-01-15 v3.1.10 (3.1.10)
)
(C:/Users/satalay/AppData/Local/Programs/MiKTeX/tex/generic/pgf/basiclayer/pgfc
orearrows.code.tex
File: pgfcorearrows.code.tex 2023-01-15 v3.1.10 (3.1.10)
\pgfarrowsep=\dimen263
)
(C:/Users/satalay/AppData/Local/Programs/MiKTeX/tex/generic/pgf/basiclayer/pgfc
oreshade.code.tex
File: pgfcoreshade.code.tex 2023-01-15 v3.1.10 (3.1.10)
\pgf@max=\dimen264
\pgf@sys@shading@range@num=\count315
\pgf@shadingcount=\count316
)
(C:/Users/satalay/AppData/Local/Programs/MiKTeX/tex/generic/pgf/basiclayer/pgfc
oreimage.code.tex
File: pgfcoreimage.code.tex 2023-01-15 v3.1.10 (3.1.10)
)
(C:/Users/satalay/AppData/Local/Programs/MiKTeX/tex/generic/pgf/basiclayer/pgfc
oreexternal.code.tex
File: pgfcoreexternal.code.tex 2023-01-15 v3.1.10 (3.1.10)
\pgfexternal@startupbox=\box73
)
(C:/Users/satalay/AppData/Local/Programs/MiKTeX/tex/generic/pgf/basiclayer/pgfc
orelayers.code.tex
File: pgfcorelayers.code.tex 2023-01-15 v3.1.10 (3.1.10)
)
(C:/Users/satalay/AppData/Local/Programs/MiKTeX/tex/generic/pgf/basiclayer/pgfc
oretransparency.code.tex
File: pgfcoretransparency.code.tex 2023-01-15 v3.1.10 (3.1.10)
)
(C:/Users/satalay/AppData/Local/Programs/MiKTeX/tex/generic/pgf/basiclayer/pgfc
orepatterns.code.tex
File: pgfcorepatterns.code.tex 2023-01-15 v3.1.10 (3.1.10)
)
(C:/Users/satalay/AppData/Local/Programs/MiKTeX/tex/generic/pgf/basiclayer/pgfc
orerdf.code.tex
File: pgfcorerdf.code.tex 2023-01-15 v3.1.10 (3.1.10)
)))
(C:/Users/satalay/AppData/Local/Programs/MiKTeX/tex/generic/pgf/modules/pgfmodu
leshapes.code.tex
File: pgfmoduleshapes.code.tex 2023-01-15 v3.1.10 (3.1.10)
\pgfnodeparttextbox=\box74
)
(C:/Users/satalay/AppData/Local/Programs/MiKTeX/tex/generic/pgf/modules/pgfmodu
leplot.code.tex
File: pgfmoduleplot.code.tex 2023-01-15 v3.1.10 (3.1.10)
)
(C:/Users/satalay/AppData/Local/Programs/MiKTeX/tex/latex/pgf/compatibility/pgf
comp-version-0-65.sty
Package: pgfcomp-version-0-65 2023-01-15 v3.1.10 (3.1.10)
\pgf@nodesepstart=\dimen265
\pgf@nodesepend=\dimen266
)
(C:/Users/satalay/AppData/Local/Programs/MiKTeX/tex/latex/pgf/compatibility/pgf
comp-version-1-18.sty
Package: pgfcomp-version-1-18 2023-01-15 v3.1.10 (3.1.10)
))
(C:/Users/satalay/AppData/Local/Programs/MiKTeX/tex/latex/pgf/utilities/pgffor.
sty
(C:/Users/satalay/AppData/Local/Programs/MiKTeX/tex/latex/pgf/utilities/pgfkeys
.sty
(C:/Users/satalay/AppData/Local/Programs/MiKTeX/tex/generic/pgf/utilities/pgfke
ys.code.tex))
(C:/Users/satalay/AppData/Local/Programs/MiKTeX/tex/latex/pgf/math/pgfmath.sty
(C:/Users/satalay/AppData/Local/Programs/MiKTeX/tex/generic/pgf/math/pgfmath.co
de.tex))
(C:/Users/satalay/AppData/Local/Programs/MiKTeX/tex/generic/pgf/utilities/pgffo
r.code.tex
Package: pgffor 2023-01-15 v3.1.10 (3.1.10)
\pgffor@iter=\dimen267
\pgffor@skip=\dimen268
\pgffor@stack=\toks36
\pgffor@toks=\toks37
))
(C:/Users/satalay/AppData/Local/Programs/MiKTeX/tex/generic/pgf/frontendlayer/t
ikz/tikz.code.tex
Package: tikz 2023-01-15 v3.1.10 (3.1.10)

(C:/Users/satalay/AppData/Local/Programs/MiKTeX/tex/generic/pgf/libraries/pgfli
braryplothandlers.code.tex
File: pgflibraryplothandlers.code.tex 2023-01-15 v3.1.10 (3.1.10)
\pgf@plot@mark@count=\count317
\pgfplotmarksize=\dimen269
)
\tikz@lastx=\dimen270
\tikz@lasty=\dimen271
\tikz@lastxsaved=\dimen272
\tikz@lastysaved=\dimen273
\tikz@lastmovetox=\dimen274
\tikz@lastmovetoy=\dimen275
\tikzleveldistance=\dimen276
\tikzsiblingdistance=\dimen277
\tikz@figbox=\box75
\tikz@figbox@bg=\box76
\tikz@tempbox=\box77
\tikz@tempbox@bg=\box78
\tikztreelevel=\count318
\tikznumberofchildren=\count319
\tikznumberofcurrentchild=\count320
\tikz@fig@count=\count321

(C:/Users/satalay/AppData/Local/Programs/MiKTeX/tex/generic/pgf/modules/pgfmodu
lematrix.code.tex
File: pgfmodulematrix.code.tex 2023-01-15 v3.1.10 (3.1.10)
\pgfmatrixcurrentrow=\count322
\pgfmatrixcurrentcolumn=\count323
\pgf@matrix@numberofcolumns=\count324
)
\tikz@expandcount=\count325

(C:/Users/satalay/AppData/Local/Programs/MiKTeX/tex/generic/pgf/frontendlayer/t
ikz/libraries/tikzlibrarytopaths.code.tex
File: tikzlibrarytopaths.code.tex 2023-01-15 v3.1.10 (3.1.10)
)))
(C:/Users/satalay/AppData/Local/Programs/MiKTeX/tex/generic/pgf/frontendlayer/t
ikz/libraries/tikzlibrarycalc.code.tex
File: tikzlibrarycalc.code.tex 2023-01-15 v3.1.10 (3.1.10)
)
(C:/Users/satalay/AppData/Local/Programs/MiKTeX/tex/generic/pgf/libraries/pgfli
braryarrows.meta.code.tex
File: pgflibraryarrows.meta.code.tex 2023-01-15 v3.1.10 (3.1.10)
\pgfarrowinset=\dimen278
\pgfarrowlength=\dimen279
\pgfarrowwidth=\dimen280
\pgfarrowlinewidth=\dimen281
)
(C:/Users/satalay/AppData/Local/Programs/MiKTeX/tex/generic/pgf/frontendlayer/t
ikz/libraries/tikzlibrarybending.code.tex
File: tikzlibrarybending.code.tex 2023-01-15 v3.1.10 (3.1.10)

(C:/Users/satalay/AppData/Local/Programs/MiKTeX/tex/generic/pgf/modules/pgfmodu
lebending.code.tex
File: pgfmodulebending.code.tex 2023-01-15 v3.1.10 (3.1.10)

(C:/Users/satalay/AppData/Local/Programs/MiKTeX/tex/generic/pgf/modules/pgfmodu
lenonlineartransformations.code.tex
File: pgfmodulenonlineartransformations.code.tex 2023-01-15 v3.1.10 (3.1.10)
\pgftransformnonlinearflatness=\dimen282
)
(C:/Users/satalay/AppData/Local/Programs/MiKTeX/tex/generic/pgf/libraries/pgfli
brarycurvilinear.code.tex
File: pgflibrarycurvilinear.code.tex 2023-01-15 v3.1.10 (3.1.10)
\pgf@curvilinear@time@a=\dimen283
\pgf@curvilinear@length@a=\dimen284
\pgf@curvilinear@length@b=\dimen285
\pgf@curvilinear@length@c=\dimen286
\pgf@curvilinear@length@d=\dimen287
)
\pgf@arrows@the@rigidity=\dimen288
))
(C:/Users/satalay/AppData/Local/Programs/MiKTeX/tex/generic/pgf/frontendlayer/t
ikz/libraries/tikzlibraryfpu.code.tex
(C:/Users/satalay/AppData/Local/Programs/MiKTeX/tex/generic/pgf/libraries/pgfli
braryfpu.code.tex))
(C:/Users/satalay/AppData/Local/Programs/MiKTeX/tex/generic/circuitikz/pgfcirc.
defines.tex
\pgf@circ@count@a=\count326
\pgf@circ@count@b=\count327
\pgf@circ@count@c=\count328
\pgf@circ@res@up=\dimen289
\pgf@circ@res@down=\dimen290
\pgf@circ@res@zero=\dimen291
\pgf@circ@res@left=\dimen292
\pgf@circ@res@right=\dimen293
\pgf@circ@res@other=\dimen294
\pgf@circ@res@step=\dimen295
\pgf@circ@res@temp=\dimen296
\pgf@circ@Rlen=\dimen297
\pgf@circ@scaled@Rlen=\dimen298
\pgfstartlinewidth=\dimen299
)
(C:/Users/satalay/AppData/Local/Programs/MiKTeX/tex/generic/circuitikz/pgfcircu
tils.tex
\ctikz@scratchbox=\box79
)
(C:/Users/satalay/AppData/Local/Programs/MiKTeX/tex/generic/circuitikz/pgfcircp
ath.tex)
(C:/Users/satalay/AppData/Local/Programs/MiKTeX/tex/generic/circuitikz/pgfcircs
hapes.tex)
(C:/Users/satalay/AppData/Local/Programs/MiKTeX/tex/generic/circuitikz/pgfcircm
onopoles.tex)
(C:/Users/satalay/AppData/Local/Programs/MiKTeX/tex/generic/circuitikz/pgfcircb
ipoles.tex)
(C:/Users/satalay/AppData/Local/Programs/MiKTeX/tex/generic/circuitikz/pgfcirct
ripoles.tex
\pgf@circ@res@count=\count329
)
(C:/Users/satalay/AppData/Local/Programs/MiKTeX/tex/generic/circuitikz/pgfcircq
uadpoles.tex)
(C:/Users/satalay/AppData/Local/Programs/MiKTeX/tex/generic/circuitikz/pgfcircm
ultipoles.tex)
(C:/Users/satalay/AppData/Local/Programs/MiKTeX/tex/generic/circuitikz/pgfcircl
abel.tex)
(C:/Users/satalay/AppData/Local/Programs/MiKTeX/tex/generic/circuitikz/pgfcircv
oltage.tex
\pgfcirc@labelshift=\dimen300
)
(C:/Users/satalay/AppData/Local/Programs/MiKTeX/tex/generic/circuitikz/pgfcircc
urrent.tex)
(C:/Users/satalay/AppData/Local/Programs/MiKTeX/tex/generic/circuitikz/pgfcircf
low.tex))
(C:/Users/satalay/AppData/Local/Programs/MiKTeX/tex/latex/pgfplots/pgfplots.sty

(C:/Users/satalay/AppData/Local/Programs/MiKTeX/tex/generic/pgfplots/pgfplots.r
evision.tex)
Package: pgfplots 2021/05/15 v1.18.1 Data Visualization (1.18.1)

(C:/Users/satalay/AppData/Local/Programs/MiKTeX/tex/generic/pgfplots/pgfplots.c
ode.tex
(C:/Users/satalay/AppData/Local/Programs/MiKTeX/tex/generic/pgfplots/pgfplotsco
re.code.tex
Package pgfplots info on input line 124: Initializing with LUA version Lua 5.3
\pgfplots@luabackend@table=\catcodetable12
\t@pgfplots@toka=\toks38
\t@pgfplots@tokb=\toks39
\t@pgfplots@tokc=\toks40
\pgfplots@tmpa=\dimen301
\c@pgfplots@coordindex=\count330
\c@pgfplots@scanlineindex=\count331

(C:/Users/satalay/AppData/Local/Programs/MiKTeX/tex/generic/pgfplots/sys/pgfplo
tssysgeneric.code.tex))
(C:/Users/satalay/AppData/Local/Programs/MiKTeX/tex/generic/pgfplots/libs/pgfpl
otslibrary.code.tex)
(C:/Users/satalay/AppData/Local/Programs/MiKTeX/tex/generic/pgfplots/oldpgfcomp
atib/pgfplotsoldpgfsupp_loader.code.tex
Package pgfplots: loading complementary utilities for your pgf version...
\t@pgf@toka=\toks41
\t@pgf@tokb=\toks42
\t@pgf@tokc=\toks43

(C:/Users/satalay/AppData/Local/Programs/MiKTeX/tex/generic/pgfplots/oldpgfcomp
atib/pgfplotsoldpgfsupp_pgfutil-common-lists.tex)
(C:/Users/satalay/AppData/Local/Programs/MiKTeX/tex/generic/pgf/libraries/luama
th/pgflibraryluamath.code.tex)
Package pgfplots info on input line 290: luamath library shipped with pgf 3.1.1
0 is up-to-date
)
(C:/Users/satalay/AppData/Local/Programs/MiKTeX/tex/generic/pgfplots/util/pgfpl
otsutil.code.tex
Package pgfplots info on input line 82: Found new luatex: initializing lua comm
ands instead of write18 (shell-escape)

(C:/Users/satalay/AppData/Local/Programs/MiKTeX/tex/generic/pgfplots/liststruct
ure/pgfplotsliststructure.code.tex)
(C:/Users/satalay/AppData/Local/Programs/MiKTeX/tex/generic/pgfplots/liststruct
ure/pgfplotsliststructureext.code.tex)
(C:/Users/satalay/AppData/Local/Programs/MiKTeX/tex/generic/pgfplots/liststruct
ure/pgfplotsarray.code.tex
\c@pgfplotsarray@tmp=\count332
)
(C:/Users/satalay/AppData/Local/Programs/MiKTeX/tex/generic/pgfplots/liststruct
ure/pgfplotsmatrix.code.tex)
(C:/Users/satalay/AppData/Local/Programs/MiKTeX/tex/generic/pgfplots/numtable/p
gfplotstableshared.code.tex
\c@pgfplotstable@counta=\count333
\t@pgfplotstable@a=\toks44
)
(C:/Users/satalay/AppData/Local/Programs/MiKTeX/tex/generic/pgfplots/liststruct
ure/pgfplotsdeque.code.tex)
(C:/Users/satalay/AppData/Local/Programs/MiKTeX/tex/generic/pgfplots/util/pgfpl
otsbinary.code.tex
(C:/Users/satalay/AppData/Local/Programs/MiKTeX/tex/generic/pgfplots/util/pgfpl
otsbinary.data.code.tex))
(C:/Users/satalay/AppData/Local/Programs/MiKTeX/tex/generic/pgfplots/util/pgfpl
otsutil.verb.code.tex)
(C:/Users/satalay/AppData/Local/Programs/MiKTeX/tex/generic/pgfplots/libs/pgfli
brarypgfplots.surfshading.code.tex
\c@pgfplotslibrarysurf@no=\count334

(C:/Users/satalay/AppData/Local/Programs/MiKTeX/tex/generic/pgfplots/sys/pgflib
rarypgfplots.surfshading.pgfsys-luatex.def)))
(C:/Users/satalay/AppData/Local/Programs/MiKTeX/tex/generic/pgfplots/util/pgfpl
otscolormap.code.tex
(C:/Users/satalay/AppData/Local/Programs/MiKTeX/tex/generic/pgfplots/util/pgfpl
otscolor.code.tex))
(C:/Users/satalay/AppData/Local/Programs/MiKTeX/tex/generic/pgfplots/pgfplotsst
ackedplots.code.tex)
(C:/Users/satalay/AppData/Local/Programs/MiKTeX/tex/generic/pgfplots/pgfplotspl
othandlers.code.tex
(C:/Users/satalay/AppData/Local/Programs/MiKTeX/tex/generic/pgfplots/pgfplotsme
shplothandler.code.tex
(C:/Users/satalay/AppData/Local/Programs/MiKTeX/tex/generic/pgfplots/pgfplotsme
shplotimage.code.tex)))
(C:/Users/satalay/AppData/Local/Programs/MiKTeX/tex/generic/pgfplots/pgfplots.s
caling.code.tex)
(C:/Users/satalay/AppData/Local/Programs/MiKTeX/tex/generic/pgfplots/pgfplotsco
ordprocessing.code.tex)
(C:/Users/satalay/AppData/Local/Programs/MiKTeX/tex/generic/pgfplots/pgfplots.e
rrorbars.code.tex)
(C:/Users/satalay/AppData/Local/Programs/MiKTeX/tex/generic/pgfplots/pgfplots.m
arkers.code.tex)
(C:/Users/satalay/AppData/Local/Programs/MiKTeX/tex/generic/pgfplots/pgfplotsti
cks.code.tex)
(C:/Users/satalay/AppData/Local/Programs/MiKTeX/tex/generic/pgfplots/pgfplots.p
aths.code.tex)
(C:/Users/satalay/AppData/Local/Programs/MiKTeX/tex/generic/pgf/frontendlayer/t
ikz/libraries/tikzlibrarydecorations.code.tex
(C:/Users/satalay/AppData/Local/Programs/MiKTeX/tex/generic/pgf/modules/pgfmodu
ledecorations.code.tex
\pgfdecoratedcompleteddistance=\dimen302
\pgfdecoratedremainingdistance=\dimen303
\pgfdecoratedinputsegmentcompleteddistance=\dimen304
\pgfdecoratedinputsegmentremainingdistance=\dimen305
\pgf@decorate@distancetomove=\dimen306
\pgf@decorate@repeatstate=\count335
\pgfdecorationsegmentamplitude=\dimen307
\pgfdecorationsegmentlength=\dimen308
)
\tikz@lib@dec@box=\box80
)
(C:/Users/satalay/AppData/Local/Programs/MiKTeX/tex/generic/pgf/frontendlayer/t
ikz/libraries/tikzlibrarydecorations.pathmorphing.code.tex
(C:/Users/satalay/AppData/Local/Programs/MiKTeX/tex/generic/pgf/libraries/decor
ations/pgflibrarydecorations.pathmorphing.code.tex))
(C:/Users/satalay/AppData/Local/Programs/MiKTeX/tex/generic/pgf/frontendlayer/t
ikz/libraries/tikzlibrarydecorations.pathreplacing.code.tex
(C:/Users/satalay/AppData/Local/Programs/MiKTeX/tex/generic/pgf/libraries/decor
ations/pgflibrarydecorations.pathreplacing.code.tex))
(C:/Users/satalay/AppData/Local/Programs/MiKTeX/tex/generic/pgfplots/libs/tikzl
ibrarypgfplots.contourlua.code.tex)
\pgfplots@numplots=\count336
\pgfplots@xmin@reg=\dimen309
\pgfplots@xmax@reg=\dimen310
\pgfplots@ymin@reg=\dimen311
\pgfplots@ymax@reg=\dimen312
\pgfplots@zmin@reg=\dimen313
\pgfplots@zmax@reg=\dimen314
)
(C:/Users/satalay/AppData/Local/Programs/MiKTeX/tex/generic/pgf/frontendlayer/t
ikz/libraries/tikzlibraryplotmarks.code.tex
File: tikzlibraryplotmarks.code.tex 2023-01-15 v3.1.10 (3.1.10)

(C:/Users/satalay/AppData/Local/Programs/MiKTeX/tex/generic/pgf/libraries/pgfli
braryplotmarks.code.tex
File: pgflibraryplotmarks.code.tex 2023-01-15 v3.1.10 (3.1.10)
)))
(C:/Users/satalay/AppData/Local/Programs/MiKTeX/tex/latex/amsmath/amsmath.sty
Package: amsmath 2022/04/08 v2.17n AMS math features
\@mathmargin=\skip73

For additional information on amsmath, use the `?' option.
(C:/Users/satalay/AppData/Local/Programs/MiKTeX/tex/latex/amsmath/amsbsy.sty
Package: amsbsy 1999/11/29 v1.2d Bold Symbols
\pmbraise@=\dimen315
)
(C:/Users/satalay/AppData/Local/Programs/MiKTeX/tex/latex/amsmath/amsopn.sty
Package: amsopn 2022/04/08 v2.04 operator names
)
\inf@bad=\count337
LaTeX Info: Redefining \frac on input line 236.
\uproot@=\count338
\leftroot@=\count339
LaTeX Info: Redefining \overline on input line 399.
LaTeX Info: Redefining \colon on input line 410.
\classnum@=\count340
\DOTSCASE@=\count341
LaTeX Info: Redefining \ldots on input line 496.
LaTeX Info: Redefining \dots on input line 499.
LaTeX Info: Redefining \cdots on input line 620.
\Mathstrutbox@=\box81
\strutbox@=\box82
LaTeX Info: Redefining \big on input line 722.
LaTeX Info: Redefining \Big on input line 723.
LaTeX Info: Redefining \bigg on input line 724.
LaTeX Info: Redefining \Bigg on input line 725.
\big@size=\dimen316
LaTeX Font Info:    Redeclaring font encoding OML on input line 743.
LaTeX Font Info:    Redeclaring font encoding OMS on input line 744.
\macc@depth=\count342
LaTeX Info: Redefining \bmod on input line 905.
LaTeX Info: Redefining \pmod on input line 910.
LaTeX Info: Redefining \smash on input line 940.
LaTeX Info: Redefining \relbar on input line 970.
LaTeX Info: Redefining \Relbar on input line 971.
\c@MaxMatrixCols=\count343
\dotsspace@=\muskip16
\c@parentequation=\count344
\dspbrk@lvl=\count345
\tag@help=\toks45
\row@=\count346
\column@=\count347
\maxfields@=\count348
\andhelp@=\toks46
\eqnshift@=\dimen317
\alignsep@=\dimen318
\tagshift@=\dimen319
\tagwidth@=\dimen320
\totwidth@=\dimen321
\lineht@=\dimen322
\@envbody=\toks47
\multlinegap=\skip74
\multlinetaggap=\skip75
\mathdisplay@stack=\toks48
LaTeX Info: Redefining \[ on input line 2953.
LaTeX Info: Redefining \] on input line 2954.
)
(C:/Users/satalay/AppData/Local/Programs/MiKTeX/tex/latex/physics/physics.sty
Package: physics 
)
(C:/Users/satalay/AppData/Local/Programs/MiKTeX/tex/latex/setspace/setspace.sty
Package: setspace 2022/12/04 v6.7b set line spacing
)
(C:/Users/satalay/AppData/Local/Programs/MiKTeX/tex/latex/placeins/placeins.sty
Package: placeins 2005/04/18  v 2.2
)
(C:/Users/satalay/AppData/Local/Programs/MiKTeX/tex/latex/biblatex/biblatex.sty
Package: biblatex 2022/07/12 v3.18b programmable bibliographies (PK/MW)

(C:/Users/satalay/AppData/Local/Programs/MiKTeX/tex/latex/kvoptions/kvoptions.s
ty
Package: kvoptions 2022-06-15 v3.15 Key value format for package options (HO)

(C:/Users/satalay/AppData/Local/Programs/MiKTeX/tex/latex/kvsetkeys/kvsetkeys.s
ty
Package: kvsetkeys 2022-10-05 v1.19 Key value parser (HO)
))
(C:/Users/satalay/AppData/Local/Programs/MiKTeX/tex/latex/logreq/logreq.sty
Package: logreq 2010/08/04 v1.0 xml request logger
\lrq@indent=\count349

(C:/Users/satalay/AppData/Local/Programs/MiKTeX/tex/latex/logreq/logreq.def
File: logreq.def 2010/08/04 v1.0 logreq spec v1.0
))
(C:/Users/satalay/AppData/Local/Programs/MiKTeX/tex/latex/url/url.sty
\Urlmuskip=\muskip17
Package: url 2013/09/16  ver 3.4  Verb mode for urls, etc.
)
\c@tabx@nest=\count350
\c@listtotal=\count351
\c@listcount=\count352
\c@liststart=\count353
\c@liststop=\count354
\c@citecount=\count355
\c@citetotal=\count356
\c@multicitecount=\count357
\c@multicitetotal=\count358
\c@instcount=\count359
\c@maxnames=\count360
\c@minnames=\count361
\c@maxitems=\count362
\c@minitems=\count363
\c@citecounter=\count364
\c@maxcitecounter=\count365
\c@savedcitecounter=\count366
\c@uniquelist=\count367
\c@uniquename=\count368
\c@refsection=\count369
\c@refsegment=\count370
\c@maxextratitle=\count371
\c@maxextratitleyear=\count372
\c@maxextraname=\count373
\c@maxextradate=\count374
\c@maxextraalpha=\count375
\c@abbrvpenalty=\count376
\c@highnamepenalty=\count377
\c@lownamepenalty=\count378
\c@maxparens=\count379
\c@parenlevel=\count380
\blx@tempcnta=\count381
\blx@tempcntb=\count382
\blx@tempcntc=\count383
\c@blx@maxsection=\count384
\blx@maxsegment@0=\count385
\blx@notetype=\count386
\blx@parenlevel@text=\count387
\blx@parenlevel@foot=\count388
\blx@sectionciteorder@0=\count389
\blx@sectionciteorderinternal@0=\count390
\blx@entrysetcounter=\count391
\blx@biblioinstance=\count392
\labelnumberwidth=\skip76
\labelalphawidth=\skip77
\biblabelsep=\skip78
\bibitemsep=\skip79
\bibnamesep=\skip80
\bibinitsep=\skip81
\bibparsep=\skip82
\bibhang=\skip83
\blx@bcfin=\read3
\blx@bcfout=\write4
\blx@langwohyphens=\language2
\c@mincomprange=\count393
\c@maxcomprange=\count394
\c@mincompwidth=\count395
Package biblatex Info: Trying to load biblatex default data model...
Package biblatex Info: ... file 'blx-dm.def' found.

(C:/Users/satalay/AppData/Local/Programs/MiKTeX/tex/latex/biblatex/blx-dm.def
File: blx-dm.def 2022/07/12 v3.18b biblatex localization (PK/MW)
)
Package biblatex Info: Trying to load biblatex style data model...
Package biblatex Info: ... file 'ieee.dbx' not found.
Package biblatex Info: Trying to load biblatex custom data model...
Package biblatex Info: ... file 'biblatex-dm.cfg' not found.
\c@afterword=\count396
\c@savedafterword=\count397
\c@annotator=\count398
\c@savedannotator=\count399
\c@author=\count400
\c@savedauthor=\count401
\c@bookauthor=\count402
\c@savedbookauthor=\count403
\c@commentator=\count404
\c@savedcommentator=\count405
\c@editor=\count406
\c@savededitor=\count407
\c@editora=\count408
\c@savededitora=\count409
\c@editorb=\count410
\c@savededitorb=\count411
\c@editorc=\count412
\c@savededitorc=\count413
\c@foreword=\count414
\c@savedforeword=\count415
\c@holder=\count416
\c@savedholder=\count417
\c@introduction=\count418
\c@savedintroduction=\count419
\c@namea=\count420
\c@savednamea=\count421
\c@nameb=\count422
\c@savednameb=\count423
\c@namec=\count424
\c@savednamec=\count425
\c@translator=\count426
\c@savedtranslator=\count427
\c@shortauthor=\count428
\c@savedshortauthor=\count429
\c@shorteditor=\count430
\c@savedshorteditor=\count431
\c@labelname=\count432
\c@savedlabelname=\count433
\c@institution=\count434
\c@savedinstitution=\count435
\c@lista=\count436
\c@savedlista=\count437
\c@listb=\count438
\c@savedlistb=\count439
\c@listc=\count440
\c@savedlistc=\count441
\c@listd=\count442
\c@savedlistd=\count443
\c@liste=\count444
\c@savedliste=\count445
\c@listf=\count446
\c@savedlistf=\count447
\c@location=\count448
\c@savedlocation=\count449
\c@organization=\count450
\c@savedorganization=\count451
\c@origlocation=\count452
\c@savedoriglocation=\count453
\c@origpublisher=\count454
\c@savedorigpublisher=\count455
\c@publisher=\count456
\c@savedpublisher=\count457
\c@language=\count458
\c@savedlanguage=\count459
\c@origlanguage=\count460
\c@savedoriglanguage=\count461
\c@pageref=\count462
\c@savedpageref=\count463
\shorthandwidth=\skip84
\shortjournalwidth=\skip85
\shortserieswidth=\skip86
\shorttitlewidth=\skip87
\shortauthorwidth=\skip88
\shorteditorwidth=\skip89
\locallabelnumberwidth=\skip90
\locallabelalphawidth=\skip91
\localshorthandwidth=\skip92
\localshortjournalwidth=\skip93
\localshortserieswidth=\skip94
\localshorttitlewidth=\skip95
\localshortauthorwidth=\skip96
\localshorteditorwidth=\skip97
Package biblatex Info: Trying to load enhanced support for Unicode engines...
Package biblatex Info: ... file 'blx-unicode.def' found.

(C:/Users/satalay/AppData/Local/Programs/MiKTeX/tex/latex/biblatex/blx-unicode.
def)
Package biblatex Info: Trying to load compatibility code...
Package biblatex Info: ... file 'blx-compat.def' found.

(C:/Users/satalay/AppData/Local/Programs/MiKTeX/tex/latex/biblatex/blx-compat.d
ef
File: blx-compat.def 2022/07/12 v3.18b biblatex compatibility (PK/MW)
)
Package biblatex Info: Trying to load generic definitions...
Package biblatex Info: ... file 'biblatex.def' found.

(C:/Users/satalay/AppData/Local/Programs/MiKTeX/tex/latex/biblatex/biblatex.def
File: biblatex.def 2022/07/12 v3.18b biblatex compatibility (PK/MW)
\c@textcitecount=\count464
\c@textcitetotal=\count465
\c@textcitemaxnames=\count466
\c@biburlbigbreakpenalty=\count467
\c@biburlbreakpenalty=\count468
\c@biburlnumpenalty=\count469
\c@biburlucpenalty=\count470
\c@biburllcpenalty=\count471
\biburlbigskip=\muskip18
\biburlnumskip=\muskip19
\biburlucskip=\muskip20
\biburllcskip=\muskip21
\c@smartand=\count472
)
Package biblatex Info: Trying to load bibliography style 'ieee'...
Package biblatex Info: ... file 'ieee.bbx' found.

(C:/Users/satalay/AppData/Local/Programs/MiKTeX/tex/latex/biblatex-ieee/ieee.bb
x
File: ieee.bbx 2021/12/06 v1.3f biblatex bibliography style
Package biblatex Info: Trying to load bibliography style 'numeric-comp'...
Package biblatex Info: ... file 'numeric-comp.bbx' found.

(C:/Users/satalay/AppData/Local/Programs/MiKTeX/tex/latex/biblatex/bbx/numeric-
comp.bbx
File: numeric-comp.bbx 2022/07/12 v3.18b biblatex bibliography style (PK/MW)
Package biblatex Info: Trying to load bibliography style 'numeric'...
Package biblatex Info: ... file 'numeric.bbx' found.

(C:/Users/satalay/AppData/Local/Programs/MiKTeX/tex/latex/biblatex/bbx/numeric.
bbx
File: numeric.bbx 2022/07/12 v3.18b biblatex bibliography style (PK/MW)
Package biblatex Info: Trying to load bibliography style 'standard'...
Package biblatex Info: ... file 'standard.bbx' found.

(C:/Users/satalay/AppData/Local/Programs/MiKTeX/tex/latex/biblatex/bbx/standard
.bbx
File: standard.bbx 2022/07/12 v3.18b biblatex bibliography style (PK/MW)
\c@bbx:relatedcount=\count473
\c@bbx:relatedtotal=\count474
))))
Package biblatex Info: Trying to load citation style 'ieee'...
Package biblatex Info: ... file 'ieee.cbx' found.

(C:/Users/satalay/AppData/Local/Programs/MiKTeX/tex/latex/biblatex-ieee/ieee.cb
x
File: ieee.cbx 2021/12/06 v1.3f biblatex citation style
Package biblatex Info: Trying to load citation style 'numeric-comp'...
Package biblatex Info: ... file 'numeric-comp.cbx' found.

(C:/Users/satalay/AppData/Local/Programs/MiKTeX/tex/latex/biblatex/cbx/numeric-
comp.cbx
File: numeric-comp.cbx 2022/07/12 v3.18b biblatex citation style (PK/MW)
\c@cbx@tempcnta=\count475
\c@cbx@tempcntb=\count476
\c@cbx@tempcntc=\count477
\c@cbx@tempcntd=\count478
Package biblatex Info: Redefining '\cite'.
Package biblatex Info: Redefining '\parencite'.
Package biblatex Info: Redefining '\footcite'.
Package biblatex Info: Redefining '\footcitetext'.
Package biblatex Info: Redefining '\smartcite'.
Package biblatex Info: Redefining '\supercite'.
Package biblatex Info: Redefining '\textcite'.
Package biblatex Info: Redefining '\textcites'.
Package biblatex Info: Redefining '\cites'.
Package biblatex Info: Redefining '\parencites'.
Package biblatex Info: Redefining '\smartcites'.
)
Package biblatex Info: Redefining '\cite'.
Package biblatex Info: Redefining '\supercite'.
Package biblatex Info: Redefining '\cites'.
)
Package biblatex Info: Trying to load configuration file...
Package biblatex Info: ... file 'biblatex.cfg' found.

(C:/Users/satalay/AppData/Local/Programs/MiKTeX/tex/latex/biblatex/biblatex.cfg
File: biblatex.cfg 
)
Package biblatex Info: LuaTeX detected.
(biblatex)             Assuming input encoding 'utf8'.
Package biblatex Info: Document encoding is UTF8 ....
Package biblatex Info: ... and expl3
(biblatex)             2023-01-24 L3 programming layer (loader) 
(biblatex)             is new enough (at least 2020/04/06),
(biblatex)             setting 'casechanger=expl3'.

(C:/Users/satalay/AppData/Local/Programs/MiKTeX/tex/latex/biblatex/blx-case-exp
l3.sty
Package: blx-case-expl3 2022/07/12 v3.18b expl3 case changing code for biblatex

))
(C:/Users/satalay/AppData/Local/Programs/MiKTeX/tex/latex/markdown/markdown.sty

(C:/Users/satalay/AppData/Local/Programs/MiKTeX/tex/generic/markdown/markdown.t
ex
\markdownOptionFrozenCacheCounter=\count479
\markdownInputFileStream=\read4
\markdownOutputFileStream=\write5
Package markdown Info: Using mode 3: The lt3luabridge package on input line 236
8.

(C:/Users/satalay/AppData/Local/Programs/MiKTeX/tex/generic/lt3luabridge/lt3lua
bridge.tex
\g_luabridge_method_int=\count480

Package luabridge Info: Using direct Lua access as the bridging method

))
Package: markdown 2022-12-23 v2.19.0-0-g80fcf20 markdown renderer

(C:/Users/satalay/AppData/Local/Programs/MiKTeX/tex/latex/paralist/paralist.sty
Package: paralist 2017/01/22 v2.7 Extended list environments
\pltopsep=\skip98
\plpartopsep=\skip99
\plitemsep=\skip100
\plparsep=\skip101
\pl@lab=\toks49
)
(C:/Users/satalay/AppData/Local/Programs/MiKTeX/tex/latex/amsfonts/amssymb.sty
Package: amssymb 2013/01/14 v3.01 AMS font symbols

(C:/Users/satalay/AppData/Local/Programs/MiKTeX/tex/latex/amsfonts/amsfonts.sty
Package: amsfonts 2013/01/14 v3.01 Basic AMSFonts support
\symAMSa=\mathgroup4
\symAMSb=\mathgroup5
LaTeX Font Info:    Redeclaring math symbol \hbar on input line 98.
LaTeX Font Info:    Overwriting math alphabet `\mathfrak' in version `bold'
(Font)                  U/euf/m/n --> U/euf/b/n on input line 106.
))
(C:/Users/satalay/AppData/Local/Programs/MiKTeX/tex/latex/csvsimple/csvsimple.s
ty
(C:/Users/satalay/AppData/Local/Programs/MiKTeX/tex/latex/l3packages/l3keys2e/l
3keys2e.sty
Package: l3keys2e 2023-01-16 LaTeX2e option processing using LaTeX3 keys
)
Package: csvsimple 2022/09/20 v2.3.2 LaTeX CSV file processing
)
(C:/Users/satalay/AppData/Local/Programs/MiKTeX/tex/latex/csvsimple/csvsimple-l
egacy.sty
Package: csvsimple-legacy 2022/09/20 version 2.3.2 LaTeX2e CSV file processing

(C:/Users/satalay/AppData/Local/Programs/MiKTeX/tex/latex/tools/shellesc.sty
Package: shellesc 2019/11/08 v1.0c unified shell escape interface for LaTeX
Package shellesc Info: Unrestricted shell escape enabled on input line 75.
)
\csv@file=\read5
\c@csvinputline=\count481
\c@csvrow=\count482
\c@csvcol=\count483
\csv@out=\write6
)
(C:/Users/satalay/AppData/Local/Programs/MiKTeX/tex/latex/fancyvrb/fancyvrb.sty
Package: fancyvrb 2023/01/19 4.5a verbatim text (tvz,hv)
\FV@CodeLineNo=\count484
\FV@InFile=\read6
\FV@TabBox=\box83
\c@FancyVerbLine=\count485
\FV@StepNumber=\count486
\FV@OutFile=\write7
)
\markdownLaTeXCitationsCounter=\count487
 (C:/Users/satalay/AppData/Local/Programs/MiKTeX/tex/latex/gobble/gobble.sty
Package: gobble 2019/01/04 v0.2 Provides more gobble macros

(C:/Users/satalay/AppData/Local/Programs/MiKTeX/tex/generic/gobble/gobble.tex))
\markdownLaTeXRowCounter=\count488
\markdownLaTeXRowTotal=\count489
\markdownLaTeXColumnCounter=\count490
\markdownLaTeXColumnTotal=\count491
\markdownLaTeXTable=\toks50
\markdownLaTeXTableAlignment=\toks51
\markdownLaTeXTableEnd=\toks52
) (C:/Users/satalay/AppData/Local/Programs/MiKTeX/tex/latex/svg/svg.sty
Package: svg 2020/11/26 v2.02k (include SVG pictures)

(C:/Users/satalay/AppData/Local/Programs/MiKTeX/tex/latex/trimspaces/trimspaces
.sty
Package: trimspaces 2009/09/17 v1.1 Trim spaces around a token list
)
(C:/Users/satalay/AppData/Local/Programs/MiKTeX/tex/latex/ifplatform/ifplatform
.sty
Package: ifplatform 2017/10/13 v0.4a Testing for the operating system

(C:/Users/satalay/AppData/Local/Programs/MiKTeX/tex/generic/catchfile/catchfile
.sty
Package: catchfile 2019/12/09 v1.8 Catch the contents of a file (HO)

(C:/Users/satalay/AppData/Local/Programs/MiKTeX/tex/generic/etexcmds/etexcmds.s
ty
Package: etexcmds 2019/12/15 v1.7 Avoid name clashes with e-TeX commands (HO)
))
(C:/Users/satalay/AppData/Local/Programs/MiKTeX/tex/generic/iftex/ifluatex.sty
Package: ifluatex 2019/10/25 v1.5 ifluatex legacy package. Use iftex instead.
))
\c@svg@param@lastpage=\count492
\svg@box=\box84
\c@svg@param@currpage=\count493
)
(C:/Users/satalay/AppData/Local/Programs/MiKTeX/tex/latex/transparent/transpare
nt.sty
Package: transparent 2022-10-27 v1.5 Transparency with color stacks

(C:/Users/satalay/AppData/Local/Programs/MiKTeX/tex/latex/transparent/transpare
nt-nometadata.sty
Package: transparent-nometadata 2022-10-27 v1.5 Transparency via pdfTeX's color
 stack (HO)

(C:/Users/satalay/AppData/Local/Programs/MiKTeX/tex/latex/auxhook/auxhook.sty
Package: auxhook 2019-12-17 v1.6 Hooks for auxiliary files (HO)
)))
(C:/Users/satalay/AppData/Local/Programs/MiKTeX/tex/latex/bookmark/bookmark.sty
Package: bookmark 2020-11-06 v1.29 PDF bookmarks (HO)

(C:/Users/satalay/AppData/Local/Programs/MiKTeX/tex/latex/hyperref/hyperref.sty
Package: hyperref 2022-11-13 v7.00u Hypertext links for LaTeX

(C:/Users/satalay/AppData/Local/Programs/MiKTeX/tex/generic/kvdefinekeys/kvdefi
nekeys.sty
Package: kvdefinekeys 2019-12-19 v1.6 Define keys (HO)
)
(C:/Users/satalay/AppData/Local/Programs/MiKTeX/tex/generic/pdfescape/pdfescape
.sty
Package: pdfescape 2019/12/09 v1.15 Implements pdfTeX's escape features (HO)
)
(C:/Users/satalay/AppData/Local/Programs/MiKTeX/tex/latex/hycolor/hycolor.sty
Package: hycolor 2020-01-27 v1.10 Color options for hyperref/bookmark (HO)
)
(C:/Users/satalay/AppData/Local/Programs/MiKTeX/tex/latex/letltxmacro/letltxmac
ro.sty
Package: letltxmacro 2019/12/03 v1.6 Let assignment for LaTeX macros (HO)
)
(C:/Users/satalay/AppData/Local/Programs/MiKTeX/tex/latex/hyperref/nameref.sty
Package: nameref 2022-05-17 v2.50 Cross-referencing by name of section

(C:/Users/satalay/AppData/Local/Programs/MiKTeX/tex/latex/refcount/refcount.sty
Package: refcount 2019/12/15 v3.6 Data extraction from label references (HO)
)
(C:/Users/satalay/AppData/Local/Programs/MiKTeX/tex/generic/gettitlestring/gett
itlestring.sty
Package: gettitlestring 2019/12/15 v1.6 Cleanup title references (HO)
)
\c@section@level=\count494
)
\@linkdim=\dimen323
\Hy@linkcounter=\count495
\Hy@pagecounter=\count496

(C:/Users/satalay/AppData/Local/Programs/MiKTeX/tex/latex/hyperref/pd1enc.def
File: pd1enc.def 2022-11-13 v7.00u Hyperref: PDFDocEncoding definition (HO)
)
(C:/Users/satalay/AppData/Local/Programs/MiKTeX/tex/generic/intcalc/intcalc.sty
Package: intcalc 2019/12/15 v1.3 Expandable calculations with integers (HO)
)
\Hy@SavedSpaceFactor=\count497
 (C:/Users/satalay/AppData/Local/Programs/MiKTeX/tex/latex/hyperref/puenc.def
File: puenc.def 2022-11-13 v7.00u Hyperref: PDF Unicode definition (HO)
)
Package hyperref Info: Hyper figures OFF on input line 4162.
Package hyperref Info: Link nesting OFF on input line 4167.
Package hyperref Info: Hyper index ON on input line 4170.
Package hyperref Info: Plain pages OFF on input line 4177.
Package hyperref Info: Backreferencing OFF on input line 4182.
Package hyperref Info: Implicit mode ON; LaTeX internals redefined.
Package hyperref Info: Bookmarks ON on input line 4410.
\c@Hy@tempcnt=\count498
LaTeX Info: Redefining \url on input line 4748.
\XeTeXLinkMargin=\dimen324
(C:/Users/satalay/AppData/Local/Programs/MiKTeX/tex/generic/bitset/bitset.sty
Package: bitset 2019/12/09 v1.3 Handle bit-vector datatype (HO)

(C:/Users/satalay/AppData/Local/Programs/MiKTeX/tex/generic/bigintcalc/bigintca
lc.sty
Package: bigintcalc 2019/12/15 v1.5 Expandable calculations on big integers (HO
)
))
\Fld@menulength=\count499
\Field@Width=\dimen325
\Fld@charsize=\dimen326
Package hyperref Info: Hyper figures OFF on input line 6027.
Package hyperref Info: Link nesting OFF on input line 6032.
Package hyperref Info: Hyper index ON on input line 6035.
Package hyperref Info: backreferencing OFF on input line 6042.
Package hyperref Info: Link coloring OFF on input line 6047.
Package hyperref Info: Link coloring with OCG OFF on input line 6052.
Package hyperref Info: PDF/A mode OFF on input line 6057.

(C:/Users/satalay/AppData/Local/Programs/MiKTeX/tex/latex/base/atbegshi-ltx.sty
Package: atbegshi-ltx 2021/01/10 v1.0c Emulation of the original atbegshi
package with kernel methods
)
\Hy@abspage=\count500
\c@Item=\count501
\c@Hfootnote=\count502
)
Package hyperref Info: Driver (autodetected): hluatex.

(C:/Users/satalay/AppData/Local/Programs/MiKTeX/tex/latex/hyperref/hluatex.def
File: hluatex.def 2022-11-13 v7.00u Hyperref driver for luaTeX

(C:/Users/satalay/AppData/Local/Programs/MiKTeX/tex/generic/stringenc/stringenc
.sty
Package: stringenc 2019/11/29 v1.12 Convert strings between diff. encodings (HO
)
)
(C:/Users/satalay/AppData/Local/Programs/MiKTeX/tex/latex/base/atveryend-ltx.st
y
Package: atveryend-ltx 2020/08/19 v1.0a Emulation of the original atveryend pac
kage
with kernel methods
)
\Fld@listcount=\count503
\c@bookmark@seq@number=\count504

(C:/Users/satalay/AppData/Local/Programs/MiKTeX/tex/latex/rerunfilecheck/rerunf
ilecheck.sty
Package: rerunfilecheck 2022-07-10 v1.10 Rerun checks for auxiliary files (HO)

(C:/Users/satalay/AppData/Local/Programs/MiKTeX/tex/generic/uniquecounter/uniqu
ecounter.sty
Package: uniquecounter 2019/12/15 v1.4 Provide unlimited unique counter (HO)
)
Package uniquecounter Info: New unique counter `rerunfilecheck' on input line 2
85.
)
\Hy@SectionHShift=\skip102
)
(C:/Users/satalay/AppData/Local/Programs/MiKTeX/tex/latex/bookmark/bkm-pdftex.d
ef
File: bkm-pdftex.def 2020-11-06 v1.29 bookmark driver for pdfTeX (HO)
\BKM@id=\count505
))
(C:/Users/satalay/AppData/Local/Programs/MiKTeX/tex/latex/caption/subcaption.st
y
Package: subcaption 2022/01/07 v1.5 Sub-captions (AR)
 (C:/Users/satalay/AppData/Local/Programs/MiKTeX/tex/latex/caption/caption.sty
Package: caption 2022/03/01 v3.6b Customizing captions (AR)
(C:/Users/satalay/AppData/Local/Programs/MiKTeX/tex/latex/caption/caption3.sty
Package: caption3 2022/03/17 v2.3b caption3 kernel (AR)
\caption@tempdima=\dimen327
\captionmargin=\dimen328
\caption@leftmargin=\dimen329
\caption@rightmargin=\dimen330
\caption@width=\dimen331
\caption@indent=\dimen332
\caption@parindent=\dimen333
\caption@hangindent=\dimen334
Package caption Info: KOMA-Script document class detected.

(C:/Users/satalay/AppData/Local/Programs/MiKTeX/tex/latex/caption/caption-koma.
sto
File: caption-koma.sto 2020/09/21 v2.0b Adaption of the caption package to the 
KOMA-Script document classes (AR)
))
\c@caption@flags=\count506
\c@continuedfloat=\count507
Package caption Info: hyperref package is loaded.
Package caption Info: listings package is loaded.
)
\c@subfigure=\count508
\c@subtable=\count509
)
(C:/Users/satalay/AppData/Local/Programs/MiKTeX/tex/latex/float/float.sty
Package: float 2001/11/08 v1.3d Float enhancements (AL)
\c@float@type=\count510
\float@exts=\toks53
\float@box=\box85
\@float@everytoks=\toks54
\@floatcapt=\box86
)
(C:/Users/satalay/AppData/Local/Programs/MiKTeX/tex/latex/zref/zref-savepos.sty
Package: zref-savepos 2022-04-07 v2.34 Module savepos for zref (HO)
(C:/Users/satalay/AppData/Local/Programs/MiKTeX/tex/latex/zref/zref-base.sty
Package: zref-base 2022-04-07 v2.34 Module base for zref (HO)
Package zref Info: New property list: main on input line 767.
Package zref Info: New property: default on input line 768.
Package zref Info: New property: page on input line 769.
)
Package zref Info: New property list: savepos on input line 79.
Package zref Info: New property: posx on input line 84.
Package zref Info: New property: posy on input line 85.
)
Class scrbook Info: File `scrsize11pt.clo' used to setup font sizes on input li
ne 36.

(C:/Users/satalay/AppData/Local/Programs/MiKTeX/tex/latex/koma-script/scrsize11
pt.clo
File: scrsize11pt.clo 2022/10/12 v3.38 KOMA-Script font size class option (11pt
)
)
Package typearea Info: These are the values describing the layout:
(typearea)             DIV  = 10
(typearea)             BCOR = 0.0pt
(typearea)             \paperwidth      = 597.50793pt
(typearea)              \textwidth      = 418.25555pt
(typearea)              DIV departure   = -6%
(typearea)              \evensidemargin = 17.3562pt
(typearea)              \oddsidemargin  = 17.3562pt
(typearea)             \paperheight     = 845.04694pt
(typearea)              \textheight     = 595.80026pt
(typearea)              \topmargin      = -25.16531pt
(typearea)              \headheight     = 17.0pt
(typearea)              \headsep        = 20.40001pt
(typearea)              \topskip        = 11.0pt
(typearea)              \footskip       = 47.6pt
(typearea)              \baselineskip   = 13.6pt
(typearea)              on input line 36.
Package typearea Info: These are the values describing the layout:
(typearea)             DIV  = 12
(typearea)             BCOR = 0.0pt
(typearea)             \paperwidth      = 597.50793pt
(typearea)              \textwidth      = 448.13095pt
(typearea)              DIV departure   = -14%
(typearea)              \evensidemargin = 2.4185pt
(typearea)              \oddsidemargin  = 2.4185pt
(typearea)             \paperheight     = 845.04694pt
(typearea)              \textheight     = 636.60028pt
(typearea)              \topmargin      = -39.24942pt
(typearea)              \headheight     = 17.0pt
(typearea)              \headsep        = 20.40001pt
(typearea)              \topskip        = 11.0pt
(typearea)              \footskip       = 47.6pt
(typearea)              \baselineskip   = 13.6pt
(typearea)              on input line 36.
Package hyperref Info: Option `bookmarksnumbered' set `true' on input line 47.
Package hyperref Info: Option `colorlinks' set `true' on input line 47.
luaotfload | aux : font no 21 (nil) does not define feature smcp for script latn
 with language dflt
luaotfload | aux : font no 22 (nil) does not define feature smcp for script latn
 with language dflt

Package fontspec Info: Font family 'SourceSansPro(0)' created for font
(fontspec)             'SourceSansPro' with options [Ligatures=TeX,Path=
(fontspec)             fonts/,Extension = .ttf,UprightFont =
(fontspec)             *-Regular,ItalicFont = *-Italic,BoldFont =
(fontspec)             *-Bold,BoldItalicFont = *-BoldItalic].
(fontspec)              
(fontspec)              This font family consists of the following NFSS
(fontspec)             series/shapes:
(fontspec)              
(fontspec)             - 'normal' (m/n) with NFSS spec.:
(fontspec)             <->"[fonts/SourceSansPro-Regular.ttf]:mode=node;script=l
atn;language=dflt;+tlig;"
(fontspec)             - 'small caps'  (m/sc) with NFSS spec.:
(fontspec)             <->"[fonts/SourceSansPro-Regular.ttf]:mode=node;script=l
atn;language=dflt;+tlig;+smcp;"
(fontspec)             - 'bold' (b/n) with NFSS spec.:
(fontspec)             <->"[fonts/SourceSansPro-Bold.ttf]:mode=node;script=latn
;language=dflt;+tlig;"
(fontspec)             - 'bold small caps'  (b/sc) with NFSS spec.:
(fontspec)             <->"[fonts/SourceSansPro-Bold.ttf]:mode=node;script=latn
;language=dflt;+tlig;+smcp;"
(fontspec)             - 'italic' (m/it) with NFSS spec.:
(fontspec)             <->"[fonts/SourceSansPro-Italic.ttf]:mode=node;script=la
tn;language=dflt;+tlig;"
(fontspec)             - 'italic small caps'  (m/scit) with NFSS spec.: 
(fontspec)             - 'bold italic' (b/it) with NFSS spec.:
(fontspec)             <->"[fonts/SourceSansPro-BoldItalic.ttf]:mode=node;scrip
t=latn;language=dflt;+tlig;"
(fontspec)             - 'bold italic small caps'  (b/scit) with NFSS spec.: 

luaotfload | aux : font no 25 (nil) does not define feature smcp for script latn
 with language dflt
luaotfload | aux : font no 26 (nil) does not define feature smcp for script latn
 with language dflt
luaotfload | aux : font no 27 (nil) does not define feature smcp for script latn
 with language dflt
luaotfload | aux : font no 28 (nil) does not define feature smcp for script latn
 with language dflt

Package fontspec Info: Font family 'SourceCodePro(0)' created for font
(fontspec)             'SourceCodePro' with options
(fontspec)             [WordSpace={1,0,0},HyphenChar=None,PunctuationSpace=Word
Space,Path=
(fontspec)             fonts/,Extension = .ttf,UprightFont =
(fontspec)             *-Regular,ItalicFont = *-Italic,BoldFont =
(fontspec)             *-Bold,BoldItalicFont = *-BoldItalic].
(fontspec)              
(fontspec)              This font family consists of the following NFSS
(fontspec)             series/shapes:
(fontspec)              
(fontspec)             - 'normal' (m/n) with NFSS spec.:
(fontspec)             <->"[fonts/SourceCodePro-Regular.ttf]:mode=node;script=l
atn;language=dflt;"
(fontspec)             - 'small caps'  (m/sc) with NFSS spec.: 
(fontspec)             and font adjustment code:
(fontspec)             \fontdimen 2\font =1\fontdimen 2\font \fontdimen 3\font
(fontspec)             =0\fontdimen 3\font \fontdimen 4\font =0\fontdimen
(fontspec)             4\font \fontdimen 7\font =0\fontdimen 2\font
(fontspec)             \tex_hyphenchar:D \font =-1\scan_stop: 
(fontspec)             - 'bold' (b/n) with NFSS spec.:
(fontspec)             <->"[fonts/SourceCodePro-Bold.ttf]:mode=node;script=latn
;language=dflt;"
(fontspec)             - 'bold small caps'  (b/sc) with NFSS spec.: 
(fontspec)             and font adjustment code:
(fontspec)             \fontdimen 2\font =1\fontdimen 2\font \fontdimen 3\font
(fontspec)             =0\fontdimen 3\font \fontdimen 4\font =0\fontdimen
(fontspec)             4\font \fontdimen 7\font =0\fontdimen 2\font
(fontspec)             \tex_hyphenchar:D \font =-1\scan_stop: 
(fontspec)             - 'italic' (m/it) with NFSS spec.:
(fontspec)             <->"[fonts/SourceCodePro-Italic.ttf]:mode=node;script=la
tn;language=dflt;"
(fontspec)             - 'italic small caps'  (m/scit) with NFSS spec.: 
(fontspec)             and font adjustment code:
(fontspec)             \fontdimen 2\font =1\fontdimen 2\font \fontdimen 3\font
(fontspec)             =0\fontdimen 3\font \fontdimen 4\font =0\fontdimen
(fontspec)             4\font \fontdimen 7\font =0\fontdimen 2\font
(fontspec)             \tex_hyphenchar:D \font =-1\scan_stop: 
(fontspec)             - 'bold italic' (b/it) with NFSS spec.:
(fontspec)             <->"[fonts/SourceCodePro-BoldItalic.ttf]:mode=node;scrip
t=latn;language=dflt;"
(fontspec)             - 'bold italic small caps'  (b/scit) with NFSS spec.: 
(fontspec)             and font adjustment code:
(fontspec)             \fontdimen 2\font =1\fontdimen 2\font \fontdimen 3\font
(fontspec)             =0\fontdimen 3\font \fontdimen 4\font =0\fontdimen
(fontspec)             4\font \fontdimen 7\font =0\fontdimen 2\font
(fontspec)             \tex_hyphenchar:D \font =-1\scan_stop: 

)
Package translations Info: No language package found. I am going to use `englis
h' as default language. on input line 9.
\@quotelevel=\count511
\@quotereset=\count512
 (c:/GIT/CERN/report/output/report.aux)
\openout1 = report.aux

LaTeX Font Info:    Checking defaults for OML/cmm/m/it on input line 9.
LaTeX Font Info:    ... okay on input line 9.
LaTeX Font Info:    Checking defaults for OMS/cmsy/m/n on input line 9.
LaTeX Font Info:    ... okay on input line 9.
LaTeX Font Info:    Checking defaults for OT1/cmr/m/n on input line 9.
LaTeX Font Info:    ... okay on input line 9.
LaTeX Font Info:    Checking defaults for T1/cmr/m/n on input line 9.
LaTeX Font Info:    ... okay on input line 9.
LaTeX Font Info:    Checking defaults for TS1/cmr/m/n on input line 9.
LaTeX Font Info:    Trying to load font information for TS1+cmr on input line 9
.

(C:/Users/satalay/AppData/Local/Programs/MiKTeX/tex/latex/base/ts1cmr.fd
File: ts1cmr.fd 2022/07/10 v2.5l Standard LaTeX font definitions
)
LaTeX Font Info:    ... okay on input line 9.
LaTeX Font Info:    Checking defaults for TU/lmr/m/n on input line 9.
LaTeX Font Info:    ... okay on input line 9.
LaTeX Font Info:    Checking defaults for OMX/cmex/m/n on input line 9.
LaTeX Font Info:    ... okay on input line 9.
LaTeX Font Info:    Checking defaults for U/cmr/m/n on input line 9.
LaTeX Font Info:    ... okay on input line 9.
LaTeX Font Info:    Checking defaults for PD1/pdf/m/n on input line 9.
LaTeX Font Info:    ... okay on input line 9.
LaTeX Font Info:    Checking defaults for PU/pdf/m/n on input line 9.
LaTeX Font Info:    ... okay on input line 9.
Package scrbase Info: activating english \partname on input line 9.
Package scrbase Info: activating english \chaptername on input line 9.
Package scrbase Info: activating english \appendixname on input line 9.
Package scrbase Info: activating english \figurename on input line 9.
Package scrbase Info: activating english \tablename on input line 9.
Package scrbase Info: activating english \contentsname on input line 9.
Package scrbase Info: activating english \listfigurename on input line 9.
Package scrbase Info: activating english \listtablename on input line 9.
Package scrbase Info: activating english \bibname on input line 9.
Package scrbase Info: activating english \indexname on input line 9.

Package fontspec Info: Adjusting the maths setup (use [no-math] to avoid
(fontspec)             this).

\symlegacymaths=\mathgroup6
LaTeX Font Info:    Overwriting symbol font `legacymaths' in version `bold'
(Font)                  OT1/cmr/m/n --> OT1/cmr/bx/n on input line 9.
LaTeX Font Info:    Redeclaring math accent \acute on input line 9.
LaTeX Font Info:    Redeclaring math accent \grave on input line 9.
LaTeX Font Info:    Redeclaring math accent \ddot on input line 9.
LaTeX Font Info:    Redeclaring math accent \tilde on input line 9.
LaTeX Font Info:    Redeclaring math accent \bar on input line 9.
LaTeX Font Info:    Redeclaring math accent \breve on input line 9.
LaTeX Font Info:    Redeclaring math accent \check on input line 9.
LaTeX Font Info:    Redeclaring math accent \hat on input line 9.
LaTeX Font Info:    Redeclaring math accent \dot on input line 9.
LaTeX Font Info:    Redeclaring math accent \mathring on input line 9.
LaTeX Font Info:    Redeclaring math symbol \Gamma on input line 9.
LaTeX Font Info:    Redeclaring math symbol \Delta on input line 9.
LaTeX Font Info:    Redeclaring math symbol \Theta on input line 9.
LaTeX Font Info:    Redeclaring math symbol \Lambda on input line 9.
LaTeX Font Info:    Redeclaring math symbol \Xi on input line 9.
LaTeX Font Info:    Redeclaring math symbol \Pi on input line 9.
LaTeX Font Info:    Redeclaring math symbol \Sigma on input line 9.
LaTeX Font Info:    Redeclaring math symbol \Upsilon on input line 9.
LaTeX Font Info:    Redeclaring math symbol \Phi on input line 9.
LaTeX Font Info:    Redeclaring math symbol \Psi on input line 9.
LaTeX Font Info:    Redeclaring math symbol \Omega on input line 9.
LaTeX Font Info:    Redeclaring math symbol \mathdollar on input line 9.
LaTeX Font Info:    Redeclaring symbol font `operators' on input line 9.
LaTeX Font Info:    Encoding `OT1' has changed to `TU' for symbol font
(Font)              `operators' in the math version `normal' on input line 9.
LaTeX Font Info:    Overwriting symbol font `operators' in version `normal'
(Font)                  OT1/cmr/m/n --> TU/lmr/m/n on input line 9.
LaTeX Font Info:    Encoding `OT1' has changed to `TU' for symbol font
(Font)              `operators' in the math version `bold' on input line 9.
LaTeX Font Info:    Overwriting symbol font `operators' in version `bold'
(Font)                  OT1/cmr/bx/n --> TU/lmr/m/n on input line 9.
LaTeX Font Info:    Overwriting symbol font `operators' in version `normal'
(Font)                  TU/lmr/m/n --> TU/lmr/m/n on input line 9.
LaTeX Font Info:    Overwriting math alphabet `\mathit' in version `normal'
(Font)                  OT1/cmr/m/it --> TU/lmr/m/it on input line 9.
LaTeX Font Info:    Overwriting math alphabet `\mathbf' in version `normal'
(Font)                  OT1/cmr/bx/n --> TU/lmr/b/n on input line 9.
LaTeX Font Info:    Overwriting math alphabet `\mathsf' in version `normal'
(Font)                  OT1/cmss/m/n --> TU/SourceSansPro(0)/m/n on input line 
9.
LaTeX Font Info:    Overwriting math alphabet `\mathtt' in version `normal'
(Font)                  OT1/cmtt/m/n --> TU/SourceCodePro(0)/m/n on input line 
9.
LaTeX Font Info:    Overwriting symbol font `operators' in version `bold'
(Font)                  TU/lmr/m/n --> TU/lmr/b/n on input line 9.
LaTeX Font Info:    Overwriting math alphabet `\mathit' in version `bold'
(Font)                  OT1/cmr/bx/it --> TU/lmr/b/it on input line 9.
LaTeX Font Info:    Overwriting math alphabet `\mathsf' in version `bold'
(Font)                  OT1/cmss/bx/n --> TU/SourceSansPro(0)/b/n on input line
 9.
LaTeX Font Info:    Overwriting math alphabet `\mathtt' in version `bold'
(Font)                  OT1/cmtt/m/n --> TU/SourceCodePro(0)/b/n on input line 
9.

(C:/Users/satalay/AppData/Local/Programs/MiKTeX/tex/context/base/mkii/supp-pdf.
mkii
[Loading MPS to PDF converter (version 2006.09.02).]
\scratchcounter=\count513
\scratchdimen=\dimen335
\scratchbox=\box87
\nofMPsegments=\count514
\nofMParguments=\count515
\everyMPshowfont=\toks55
\MPscratchCnt=\count516
\MPscratchDim=\dimen336
\MPnumerator=\count517
\makeMPintoPDFobject=\count518
\everyMPtoPDFconversion=\toks56
)
(C:/Users/satalay/AppData/Local/Programs/MiKTeX/tex/latex/epstopdf-pkg/epstopdf
-base.sty
Package: epstopdf-base 2020-01-24 v2.11 Base part for package epstopdf
Package epstopdf-base Info: Redefining graphics rule for `.eps' on input line 4
85.

(C:/Users/satalay/AppData/Local/Programs/MiKTeX/tex/latex/00miktex/epstopdf-sys
.cfg
File: epstopdf-sys.cfg 2021/03/18 v2.0 Configuration of epstopdf for MiKTeX
))
(C:/Users/satalay/AppData/Local/Programs/MiKTeX/tex/latex/pdflscape/pdflscape.s
ty
Package: pdflscape 2022-10-27 v0.13 Display of landscape pages in PDF

(C:/Users/satalay/AppData/Local/Programs/MiKTeX/tex/latex/pdflscape/pdflscape-n
ometadata.sty
Package: pdflscape-nometadata 2022-10-28 v0.13 Display of landscape pages in PD
F (HO)

(C:/Users/satalay/AppData/Local/Programs/MiKTeX/tex/latex/graphics/lscape.sty
Package: lscape 2020/05/28 v3.02 Landscape Pages (DPC)
)
Package pdflscape Info: Auto-detected driver: pdftex on input line 81.
))
*geometry* driver: auto-detecting
*geometry* detected driver: luatex
*geometry* verbose mode - [ preamble ] result:
* driver: luatex
* paper: <default>
* layout: <same size as paper>
* layoutoffset:(h,v)=(0.0pt,0.0pt)
* modes: 
* h-part:(L,W,R)=(71.70166pt, 418.25372pt, 107.55255pt)
* v-part:(T,H,B)=(101.40665pt, 591.53027pt, 152.11002pt)
* \paperwidth=597.50793pt
* \paperheight=845.04694pt
* \textwidth=448.13095pt
* \textheight=636.60028pt
* \oddsidemargin=2.4185pt
* \evensidemargin=2.4185pt
* \topmargin=-39.24942pt
* \headheight=17.0pt
* \headsep=20.40001pt
* \topskip=11.0pt
* \footskip=47.6pt
* \marginparwidth=49.79233pt
* \marginparsep=12.8401pt
* \columnsep=10.0pt
* \skip\footins=10.0pt plus 4.0pt minus 2.0pt
* \hoffset=0.0pt
* \voffset=0.0pt
* \mag=1000
* \@twocolumnfalse
* \@twosidefalse
* \@mparswitchfalse
* \@reversemarginfalse
* (1in=72.27pt=25.4mm, 1cm=28.453pt)


Package siunitx Warning: Detected the "physics" package:
(siunitx)                omitting definition of \qty.
(siunitx)                
(siunitx)                If you want to use \qty with the siunitx definition,
(siunitx)                add 
(siunitx)                
(siunitx)                    \AtBeginDocument{\RenewCommandCopy\qty\SI}
(siunitx)                
(siunitx)                to your preamble.


(C:/Users/satalay/AppData/Local/Programs/MiKTeX/tex/latex/translations/dicts/tr
anslations-basic-dictionary-english.trsl
File: translations-basic-dictionary-english.trsl (english translation file `tra
nslations-basic-dictionary')
)
Package translations Info: loading dictionary `translations-basic-dictionary' f
or `english'. on input line 9.
\c@lstlisting=\count519

Package pgfplots notification 'compat/show suggested version=true': you might b
enefit from \pgfplotsset{compat=1.18} (current compat level: 1.9).

Package biblatex Info: Trying to load language 'english'...
Package biblatex Info: ... file 'english.lbx' found.

(C:/Users/satalay/AppData/Local/Programs/MiKTeX/tex/latex/biblatex/lbx/english.
lbx
File: english.lbx 2022/07/12 v3.18b biblatex localization (PK/MW)
)
Package biblatex Info: LuaTeX detected.
(biblatex)             Assuming input encoding 'utf8'.
Package biblatex Info: Automatic encoding selection.
(biblatex)             Assuming data encoding 'utf8'.

\openout4 = report.bcf
Package biblatex Info: Trying to load bibliographic data...
Package biblatex Info: ... file 'report.bbl' found.
 (c:/GIT/CERN/report/output/report.bbl)
Package biblatex Info: Reference section=0 on input line 9.
Package biblatex Info: Reference segment=0 on input line 9.
Package hyperref Info: Link coloring OFF on input line 9.
Package caption Info: Begin \AtBeginDocument code.
Package caption Info: float package is loaded.
Package caption Info: End \AtBeginDocument code.
 (./title.tex
Package svg Info: Last page of `output/.svg/Logo_svg-tex.pdf' is 1 on input lin
e 21.

(./output/.svg/Logo_svg-tex.pdf_tex
<output/.svg/Logo_svg-tex.pdf, id=7, page=1, 376.40625pt x 376.40625pt>
File: output/.svg/Logo_svg-tex.pdf Graphic file (type pdf)
<use output/.svg/Logo_svg-tex.pdf, page 1>
Package luatex.def Info: output/.svg/Logo_svg-tex.pdf , page1 used on input lin
e 56.
(luatex.def)             Requested size: 179.24963pt x 179.2543pt.
) [1




{C:/Users/satalay/AppData/Local/MiKTeX/fonts/map/pdftex/pdftex.map}<./output/.sv
g/Logo_svg-tex.pdf>]) (./abstract.tex
[2


]) (c:/GIT/CERN/report/output/report.toc
LaTeX Font Info:    Trying to load font information for U+msa on input line 1.

(C:/Users/satalay/AppData/Local/Programs/MiKTeX/tex/latex/amsfonts/umsa.fd
File: umsa.fd 2013/01/14 v3.01 AMS symbols A
)
LaTeX Font Info:    Trying to load font information for U+msb on input line 1.

(C:/Users/satalay/AppData/Local/Programs/MiKTeX/tex/latex/amsfonts/umsb.fd
File: umsb.fd 2013/01/14 v3.01 AMS symbols B
))
\tf@toc=\write8

\openout8 = report.toc

[3


]
Package markdown Info: Including markdown document "content/ch1.md" on input li
ne 20.
 (./output/.md/ba0aa21cf74a3d46abe1f450aaa9818a.md.tex
chapter 1.

Class scrbook Warning: \float@addtolists detected!
(scrbook)              Implementation of \float@addtolist became
(scrbook)              deprecated in KOMA-Script v3.01 2008/11/14 and
(scrbook)              has been replaced by several more flexible
(scrbook)              features of package `tocbasic`.
(scrbook)              Since Version 3.12 support for deprecated
(scrbook)              \float@addtolist interface has been
(scrbook)              restricted to only some of the KOMA-Script
(scrbook)              features and been removed from others.
(scrbook)              Loading of package `scrhack' may help to
(scrbook)              avoid this warning, if you are using a
(scrbook)              a package that still implements the
(scrbook)              deprecated \float@addtolist interface.

)

LaTeX Warning: Empty bibliography on input line 21.

(./appendix.tex) [1



] (c:/GIT/CERN/report/output/report.aux)
Package logreq Info: Writing requests to 'report.run.xml'.

\openout1 = report.run.xml
)

Here is how much of LuaTeX's memory you used:
 71751 strings out of 478327
 100000,3417909 words of node,token memory allocated
 610 words of node memory still in use:
   6 hlist, 2 vlist, 2 rule, 2 glue, 4 kern, 1 glyph, 8 attribute, 75 glue_spec,
 8 attribute_list, 2 write nodes
   avail lists: 2:137,3:53,4:26,5:123,6:24,7:916,8:1,9:161,10:6,11:72
 89987 multiletter control sequences out of 65536+600000
 53 fonts using 6474287 bytes
 108i,7n,104p,10619b,859s stack positions out of 10000i,1000n,20000p,200000b,200000s
<./fonts/SourceSansPro-Bold.ttf><//?/c:/users/satalay/appdata/local/programs/mik
tex/fonts/opentype/public/lm/lmroman10-regular.otf><//?/c:/users/satalay/appdata
/local/programs/miktex/fonts/opentype/public/lm/lmroman10-bold.otf><//?/c:/users
/satalay/appdata/local/programs/miktex/fonts/opentype/public/lm/lmroman12-regula
r.otf><//?/c:/users/satalay/appdata/local/programs/miktex/fonts/opentype/public/
lm/lmroman17-regular.otf>
Output written on report.pdf (4 pages, 36805 bytes).

PDF statistics: 82 PDF objects out of 1000 (max. 8388607)
 9 named destinations out of 1000 (max. 131072)
 40 words of extra memory for PDF output out of 10000 (max. 100000000)

